{"C:\\Users\\HP WORLD\\Desktop\\COSC4P02_Festify\\Festify\\app.js": {"path":"C:\\Users\\HP WORLD\\Desktop\\COSC4P02_Festify\\Festify\\app.js","statementMap":{"0":{"start":{"line":3,"column":19},"end":{"line":3,"column":23}},"1":{"start":{"line":4,"column":17},"end":{"line":4,"column":18}},"2":{"start":{"line":8,"column":25},"end":{"line":8,"column":40}},"3":{"start":{"line":9,"column":17},"end":{"line":9,"column":41}},"4":{"start":{"line":10,"column":24},"end":{"line":10,"column":39}},"5":{"start":{"line":11,"column":2},"end":{"line":11,"column":48}},"6":{"start":{"line":16,"column":20},"end":{"line":16,"column":61}},"7":{"start":{"line":17,"column":2},"end":{"line":50,"column":4}},"8":{"start":{"line":54,"column":0},"end":{"line":170,"column":2}},"9":{"start":{"line":55,"column":2},"end":{"line":55,"column":25}},"10":{"start":{"line":56,"column":2},"end":{"line":169,"column":3}},"11":{"start":{"line":57,"column":4},"end":{"line":57,"column":69}},"12":{"start":{"line":57,"column":27},"end":{"line":57,"column":69}},"13":{"start":{"line":59,"column":22},"end":{"line":59,"column":58}},"14":{"start":{"line":60,"column":18},"end":{"line":60,"column":39}},"15":{"start":{"line":61,"column":4},"end":{"line":61,"column":23}},"16":{"start":{"line":63,"column":4},"end":{"line":63,"column":25}},"17":{"start":{"line":65,"column":4},"end":{"line":65,"column":55}},"18":{"start":{"line":66,"column":4},"end":{"line":66,"column":58}},"19":{"start":{"line":67,"column":22},"end":{"line":67,"column":59}},"20":{"start":{"line":68,"column":4},"end":{"line":68,"column":61}},"21":{"start":{"line":68,"column":19},"end":{"line":68,"column":61}},"22":{"start":{"line":70,"column":21},"end":{"line":70,"column":64}},"23":{"start":{"line":71,"column":4},"end":{"line":71,"column":65}},"24":{"start":{"line":71,"column":18},"end":{"line":71,"column":65}},"25":{"start":{"line":73,"column":21},"end":{"line":73,"column":57}},"26":{"start":{"line":74,"column":4},"end":{"line":74,"column":58}},"27":{"start":{"line":74,"column":18},"end":{"line":74,"column":58}},"28":{"start":{"line":76,"column":21},"end":{"line":76,"column":57}},"29":{"start":{"line":77,"column":4},"end":{"line":77,"column":111}},"30":{"start":{"line":77,"column":18},"end":{"line":77,"column":111}},"31":{"start":{"line":79,"column":25},"end":{"line":79,"column":65}},"32":{"start":{"line":80,"column":4},"end":{"line":80,"column":70}},"33":{"start":{"line":80,"column":22},"end":{"line":80,"column":70}},"34":{"start":{"line":83,"column":29},"end":{"line":83,"column":68}},"35":{"start":{"line":84,"column":4},"end":{"line":86,"column":5}},"36":{"start":{"line":85,"column":6},"end":{"line":85,"column":91}},"37":{"start":{"line":89,"column":26},"end":{"line":89,"column":66}},"38":{"start":{"line":90,"column":4},"end":{"line":100,"column":5}},"39":{"start":{"line":91,"column":6},"end":{"line":99,"column":7}},"40":{"start":{"line":92,"column":8},"end":{"line":92,"column":45}},"41":{"start":{"line":93,"column":32},"end":{"line":93,"column":70}},"42":{"start":{"line":94,"column":8},"end":{"line":96,"column":9}},"43":{"start":{"line":95,"column":10},"end":{"line":95,"column":64}},"44":{"start":{"line":98,"column":8},"end":{"line":98,"column":45}},"45":{"start":{"line":103,"column":25},"end":{"line":103,"column":64}},"46":{"start":{"line":104,"column":4},"end":{"line":114,"column":5}},"47":{"start":{"line":105,"column":6},"end":{"line":113,"column":7}},"48":{"start":{"line":106,"column":8},"end":{"line":106,"column":44}},"49":{"start":{"line":107,"column":31},"end":{"line":107,"column":68}},"50":{"start":{"line":108,"column":8},"end":{"line":110,"column":9}},"51":{"start":{"line":109,"column":10},"end":{"line":109,"column":62}},"52":{"start":{"line":112,"column":8},"end":{"line":112,"column":44}},"53":{"start":{"line":117,"column":23},"end":{"line":117,"column":65}},"54":{"start":{"line":118,"column":4},"end":{"line":118,"column":43}},"55":{"start":{"line":118,"column":20},"end":{"line":118,"column":43}},"56":{"start":{"line":119,"column":22},"end":{"line":119,"column":63}},"57":{"start":{"line":120,"column":4},"end":{"line":120,"column":41}},"58":{"start":{"line":120,"column":19},"end":{"line":120,"column":41}},"59":{"start":{"line":121,"column":21},"end":{"line":121,"column":61}},"60":{"start":{"line":122,"column":4},"end":{"line":122,"column":39}},"61":{"start":{"line":122,"column":18},"end":{"line":122,"column":39}},"62":{"start":{"line":125,"column":30},"end":{"line":125,"column":67}},"63":{"start":{"line":126,"column":4},"end":{"line":128,"column":5}},"64":{"start":{"line":127,"column":6},"end":{"line":127,"column":46}},"65":{"start":{"line":131,"column":37},"end":{"line":131,"column":81}},"66":{"start":{"line":132,"column":4},"end":{"line":134,"column":5}},"67":{"start":{"line":133,"column":6},"end":{"line":133,"column":40}},"68":{"start":{"line":137,"column":23},"end":{"line":137,"column":60}},"69":{"start":{"line":138,"column":4},"end":{"line":140,"column":5}},"70":{"start":{"line":139,"column":6},"end":{"line":139,"column":44}},"71":{"start":{"line":143,"column":24},"end":{"line":143,"column":62}},"72":{"start":{"line":144,"column":4},"end":{"line":144,"column":60}},"73":{"start":{"line":144,"column":21},"end":{"line":144,"column":60}},"74":{"start":{"line":145,"column":24},"end":{"line":145,"column":62}},"75":{"start":{"line":146,"column":4},"end":{"line":146,"column":61}},"76":{"start":{"line":146,"column":21},"end":{"line":146,"column":61}},"77":{"start":{"line":147,"column":24},"end":{"line":147,"column":62}},"78":{"start":{"line":148,"column":4},"end":{"line":148,"column":61}},"79":{"start":{"line":148,"column":21},"end":{"line":148,"column":61}},"80":{"start":{"line":151,"column":4},"end":{"line":151,"column":19}},"81":{"start":{"line":152,"column":4},"end":{"line":152,"column":26}},"82":{"start":{"line":155,"column":24},"end":{"line":155,"column":58}},"83":{"start":{"line":156,"column":4},"end":{"line":157,"column":62}},"84":{"start":{"line":156,"column":21},"end":{"line":156,"column":57}},"85":{"start":{"line":157,"column":9},"end":{"line":157,"column":62}},"86":{"start":{"line":159,"column":22},"end":{"line":159,"column":59}},"87":{"start":{"line":160,"column":4},"end":{"line":165,"column":5}},"88":{"start":{"line":161,"column":6},"end":{"line":161,"column":43}},"89":{"start":{"line":163,"column":6},"end":{"line":163,"column":63}},"90":{"start":{"line":164,"column":6},"end":{"line":164,"column":13}},"91":{"start":{"line":166,"column":4},"end":{"line":166,"column":46}},"92":{"start":{"line":168,"column":4},"end":{"line":168,"column":55}},"93":{"start":{"line":173,"column":0},"end":{"line":199,"column":2}},"94":{"start":{"line":174,"column":22},"end":{"line":174,"column":56}},"95":{"start":{"line":175,"column":2},"end":{"line":175,"column":58}},"96":{"start":{"line":175,"column":19},"end":{"line":175,"column":58}},"97":{"start":{"line":177,"column":20},"end":{"line":177,"column":57}},"98":{"start":{"line":178,"column":2},"end":{"line":178,"column":51}},"99":{"start":{"line":178,"column":17},"end":{"line":178,"column":51}},"100":{"start":{"line":181,"column":28},"end":{"line":181,"column":65}},"101":{"start":{"line":182,"column":2},"end":{"line":184,"column":3}},"102":{"start":{"line":183,"column":4},"end":{"line":183,"column":44}},"103":{"start":{"line":187,"column":27},"end":{"line":187,"column":71}},"104":{"start":{"line":188,"column":2},"end":{"line":190,"column":3}},"105":{"start":{"line":189,"column":4},"end":{"line":189,"column":30}},"106":{"start":{"line":193,"column":21},"end":{"line":193,"column":58}},"107":{"start":{"line":194,"column":2},"end":{"line":196,"column":3}},"108":{"start":{"line":195,"column":4},"end":{"line":195,"column":42}},"109":{"start":{"line":198,"column":2},"end":{"line":198,"column":47}},"110":{"start":{"line":202,"column":0},"end":{"line":210,"column":2}},"111":{"start":{"line":203,"column":16},"end":{"line":203,"column":58}},"112":{"start":{"line":204,"column":2},"end":{"line":204,"column":21}},"113":{"start":{"line":204,"column":14},"end":{"line":204,"column":21}},"114":{"start":{"line":205,"column":21},"end":{"line":205,"column":51}},"115":{"start":{"line":206,"column":2},"end":{"line":206,"column":49}},"116":{"start":{"line":209,"column":2},"end":{"line":209,"column":21}},"117":{"start":{"line":214,"column":2},"end":{"line":214,"column":28}},"118":{"start":{"line":214,"column":21},"end":{"line":214,"column":28}},"119":{"start":{"line":217,"column":21},"end":{"line":217,"column":84}},"120":{"start":{"line":218,"column":20},"end":{"line":218,"column":82}},"121":{"start":{"line":219,"column":19},"end":{"line":219,"column":80}},"122":{"start":{"line":222,"column":14},"end":{"line":222,"column":15}},"123":{"start":{"line":223,"column":2},"end":{"line":223,"column":57}},"124":{"start":{"line":224,"column":2},"end":{"line":224,"column":55}},"125":{"start":{"line":225,"column":2},"end":{"line":225,"column":53}},"126":{"start":{"line":228,"column":28},"end":{"line":228,"column":65}},"127":{"start":{"line":229,"column":2},"end":{"line":231,"column":3}},"128":{"start":{"line":230,"column":4},"end":{"line":230,"column":59}},"129":{"start":{"line":236,"column":17},"end":{"line":236,"column":57}},"130":{"start":{"line":237,"column":2},"end":{"line":237,"column":45}},"131":{"start":{"line":237,"column":38},"end":{"line":237,"column":45}},"132":{"start":{"line":240,"column":2},"end":{"line":240,"column":45}},"133":{"start":{"line":240,"column":28},"end":{"line":240,"column":43}},"134":{"start":{"line":241,"column":2},"end":{"line":241,"column":48}},"135":{"start":{"line":241,"column":15},"end":{"line":241,"column":46}},"136":{"start":{"line":244,"column":2},"end":{"line":246,"column":3}},"137":{"start":{"line":244,"column":15},"end":{"line":244,"column":16}},"138":{"start":{"line":245,"column":4},"end":{"line":245,"column":37}},"139":{"start":{"line":249,"column":2},"end":{"line":249,"column":45}},"140":{"start":{"line":252,"column":0},"end":{"line":255,"column":2}},"141":{"start":{"line":253,"column":2},"end":{"line":253,"column":15}},"142":{"start":{"line":254,"column":2},"end":{"line":254,"column":24}},"143":{"start":{"line":257,"column":0},"end":{"line":260,"column":2}},"144":{"start":{"line":258,"column":2},"end":{"line":258,"column":15}},"145":{"start":{"line":259,"column":2},"end":{"line":259,"column":24}},"146":{"start":{"line":264,"column":21},"end":{"line":264,"column":58}},"147":{"start":{"line":265,"column":2},"end":{"line":267,"column":3}},"148":{"start":{"line":266,"column":4},"end":{"line":266,"column":89}},"149":{"start":{"line":266,"column":47},"end":{"line":266,"column":78}},"150":{"start":{"line":272,"column":2},"end":{"line":285,"column":3}},"151":{"start":{"line":273,"column":19},"end":{"line":273,"column":38}},"152":{"start":{"line":274,"column":4},"end":{"line":278,"column":5}},"153":{"start":{"line":275,"column":25},"end":{"line":275,"column":62}},"154":{"start":{"line":276,"column":6},"end":{"line":276,"column":70}},"155":{"start":{"line":276,"column":22},"end":{"line":276,"column":70}},"156":{"start":{"line":277,"column":6},"end":{"line":277,"column":13}},"157":{"start":{"line":279,"column":4},"end":{"line":279,"column":33}},"158":{"start":{"line":280,"column":4},"end":{"line":280,"column":25}},"159":{"start":{"line":282,"column":4},"end":{"line":282,"column":52}},"160":{"start":{"line":283,"column":23},"end":{"line":283,"column":60}},"161":{"start":{"line":284,"column":4},"end":{"line":284,"column":73}},"162":{"start":{"line":284,"column":20},"end":{"line":284,"column":73}},"163":{"start":{"line":289,"column":0},"end":{"line":297,"column":3}},"164":{"start":{"line":290,"column":2},"end":{"line":290,"column":23}},"165":{"start":{"line":293,"column":2},"end":{"line":296,"column":67}},"166":{"start":{"line":294,"column":22},"end":{"line":294,"column":37}},"167":{"start":{"line":295,"column":20},"end":{"line":295,"column":72}},"168":{"start":{"line":296,"column":20},"end":{"line":296,"column":65}},"169":{"start":{"line":300,"column":28},"end":{"line":300,"column":86}},"170":{"start":{"line":301,"column":27},"end":{"line":301,"column":84}},"171":{"start":{"line":302,"column":26},"end":{"line":302,"column":82}},"172":{"start":{"line":304,"column":4},"end":{"line":307,"column":5}},"173":{"start":{"line":305,"column":6},"end":{"line":305,"column":39}},"174":{"start":{"line":306,"column":6},"end":{"line":306,"column":13}},"175":{"start":{"line":308,"column":23},"end":{"line":308,"column":60}},"176":{"start":{"line":309,"column":23},"end":{"line":309,"column":60}},"177":{"start":{"line":310,"column":4},"end":{"line":310,"column":39}},"178":{"start":{"line":312,"column":6},"end":{"line":359,"column":7}},"179":{"start":{"line":313,"column":10},"end":{"line":356,"column":13}},"180":{"start":{"line":358,"column":10},"end":{"line":358,"column":57}},"181":{"start":{"line":364,"column":20},"end":{"line":364,"column":60}},"182":{"start":{"line":365,"column":28},"end":{"line":365,"column":86}},"183":{"start":{"line":366,"column":27},"end":{"line":366,"column":84}},"184":{"start":{"line":367,"column":26},"end":{"line":367,"column":82}},"185":{"start":{"line":368,"column":26},"end":{"line":368,"column":74}},"186":{"start":{"line":371,"column":21},"end":{"line":371,"column":22}},"187":{"start":{"line":372,"column":4},"end":{"line":376,"column":5}},"188":{"start":{"line":373,"column":6},"end":{"line":373,"column":71}},"189":{"start":{"line":374,"column":6},"end":{"line":374,"column":69}},"190":{"start":{"line":375,"column":6},"end":{"line":375,"column":67}},"191":{"start":{"line":379,"column":4},"end":{"line":430,"column":7}},"192":{"start":{"line":380,"column":19},"end":{"line":380,"column":35}},"193":{"start":{"line":381,"column":19},"end":{"line":381,"column":35}},"194":{"start":{"line":383,"column":6},"end":{"line":386,"column":7}},"195":{"start":{"line":384,"column":8},"end":{"line":384,"column":62}},"196":{"start":{"line":385,"column":8},"end":{"line":385,"column":15}},"197":{"start":{"line":389,"column":25},"end":{"line":405,"column":7}},"198":{"start":{"line":408,"column":6},"end":{"line":429,"column":11}},"199":{"start":{"line":411,"column":10},"end":{"line":411,"column":48}},"200":{"start":{"line":414,"column":8},"end":{"line":418,"column":11}},"201":{"start":{"line":419,"column":10},"end":{"line":419,"column":28}},"202":{"start":{"line":422,"column":10},"end":{"line":422,"column":55}},"203":{"start":{"line":424,"column":8},"end":{"line":428,"column":11}},"204":{"start":{"line":432,"column":4},"end":{"line":432,"column":39}},"205":{"start":{"line":435,"column":0},"end":{"line":435,"column":27}},"206":{"start":{"line":436,"column":0},"end":{"line":436,"column":37}}},"fnMap":{"0":{"name":"formatTime","decl":{"start":{"line":7,"column":9},"end":{"line":7,"column":19}},"loc":{"start":{"line":7,"column":26},"end":{"line":12,"column":1}},"line":7},"1":{"name":"createEventCard","decl":{"start":{"line":15,"column":9},"end":{"line":15,"column":24}},"loc":{"start":{"line":15,"column":41},"end":{"line":51,"column":1}},"line":15},"2":{"name":"(anonymous_2)","decl":{"start":{"line":54,"column":24},"end":{"line":54,"column":25}},"loc":{"start":{"line":54,"column":60},"end":{"line":170,"column":1}},"line":54},"3":{"name":"(anonymous_3)","decl":{"start":{"line":173,"column":25},"end":{"line":173,"column":26}},"loc":{"start":{"line":173,"column":36},"end":{"line":199,"column":1}},"line":173},"4":{"name":"(anonymous_4)","decl":{"start":{"line":202,"column":24},"end":{"line":202,"column":25}},"loc":{"start":{"line":202,"column":47},"end":{"line":210,"column":1}},"line":202},"5":{"name":"updateTotalPrice","decl":{"start":{"line":213,"column":9},"end":{"line":213,"column":25}},"loc":{"start":{"line":213,"column":28},"end":{"line":232,"column":1}},"line":213},"6":{"name":"showSlide","decl":{"start":{"line":235,"column":9},"end":{"line":235,"column":18}},"loc":{"start":{"line":235,"column":22},"end":{"line":250,"column":1}},"line":235},"7":{"name":"(anonymous_7)","decl":{"start":{"line":252,"column":19},"end":{"line":252,"column":20}},"loc":{"start":{"line":252,"column":30},"end":{"line":255,"column":1}},"line":252},"8":{"name":"(anonymous_8)","decl":{"start":{"line":257,"column":19},"end":{"line":257,"column":20}},"loc":{"start":{"line":257,"column":30},"end":{"line":260,"column":1}},"line":257},"9":{"name":"renderEvents","decl":{"start":{"line":263,"column":9},"end":{"line":263,"column":21}},"loc":{"start":{"line":263,"column":30},"end":{"line":268,"column":1}},"line":263},"10":{"name":"(anonymous_10)","decl":{"start":{"line":266,"column":38},"end":{"line":266,"column":39}},"loc":{"start":{"line":266,"column":47},"end":{"line":266,"column":78}},"line":266},"11":{"name":"renderEventsFromDB","decl":{"start":{"line":271,"column":15},"end":{"line":271,"column":33}},"loc":{"start":{"line":271,"column":36},"end":{"line":286,"column":1}},"line":271},"12":{"name":"(anonymous_12)","decl":{"start":{"line":289,"column":46},"end":{"line":289,"column":47}},"loc":{"start":{"line":289,"column":52},"end":{"line":297,"column":1}},"line":289},"13":{"name":"(anonymous_13)","decl":{"start":{"line":294,"column":10},"end":{"line":294,"column":11}},"loc":{"start":{"line":294,"column":22},"end":{"line":294,"column":37}},"line":294},"14":{"name":"(anonymous_14)","decl":{"start":{"line":295,"column":10},"end":{"line":295,"column":11}},"loc":{"start":{"line":295,"column":18},"end":{"line":295,"column":74}},"line":295},"15":{"name":"(anonymous_15)","decl":{"start":{"line":296,"column":11},"end":{"line":296,"column":12}},"loc":{"start":{"line":296,"column":20},"end":{"line":296,"column":65}},"line":296},"16":{"name":"checkout","decl":{"start":{"line":299,"column":16},"end":{"line":299,"column":24}},"loc":{"start":{"line":299,"column":26},"end":{"line":361,"column":3}},"line":299},"17":{"name":"submitPayment","decl":{"start":{"line":363,"column":16},"end":{"line":363,"column":29}},"loc":{"start":{"line":363,"column":31},"end":{"line":433,"column":1}},"line":363},"18":{"name":"(anonymous_18)","decl":{"start":{"line":379,"column":78},"end":{"line":379,"column":79}},"loc":{"start":{"line":379,"column":90},"end":{"line":430,"column":5}},"line":379},"19":{"name":"(anonymous_19)","decl":{"start":{"line":409,"column":14},"end":{"line":409,"column":15}},"loc":{"start":{"line":409,"column":20},"end":{"line":420,"column":9}},"line":409},"20":{"name":"(anonymous_20)","decl":{"start":{"line":421,"column":15},"end":{"line":421,"column":16}},"loc":{"start":{"line":421,"column":24},"end":{"line":429,"column":9}},"line":421}},"branchMap":{"0":{"loc":{"start":{"line":9,"column":17},"end":{"line":9,"column":41}},"type":"cond-expr","locations":[{"start":{"line":9,"column":30},"end":{"line":9,"column":34}},{"start":{"line":9,"column":37},"end":{"line":9,"column":41}}],"line":9},"1":{"loc":{"start":{"line":10,"column":24},"end":{"line":10,"column":39}},"type":"binary-expr","locations":[{"start":{"line":10,"column":24},"end":{"line":10,"column":33}},{"start":{"line":10,"column":37},"end":{"line":10,"column":39}}],"line":10},"2":{"loc":{"start":{"line":21,"column":35},"end":{"line":21,"column":88}},"type":"cond-expr","locations":[{"start":{"line":21,"column":56},"end":{"line":21,"column":80}},{"start":{"line":21,"column":83},"end":{"line":21,"column":88}}],"line":21},"3":{"loc":{"start":{"line":57,"column":4},"end":{"line":57,"column":69}},"type":"if","locations":[{"start":{"line":57,"column":4},"end":{"line":57,"column":69}},{"start":{},"end":{}}],"line":57},"4":{"loc":{"start":{"line":68,"column":4},"end":{"line":68,"column":61}},"type":"if","locations":[{"start":{"line":68,"column":4},"end":{"line":68,"column":61}},{"start":{},"end":{}}],"line":68},"5":{"loc":{"start":{"line":68,"column":43},"end":{"line":68,"column":60}},"type":"binary-expr","locations":[{"start":{"line":68,"column":43},"end":{"line":68,"column":54}},{"start":{"line":68,"column":58},"end":{"line":68,"column":60}}],"line":68},"6":{"loc":{"start":{"line":71,"column":4},"end":{"line":71,"column":65}},"type":"if","locations":[{"start":{"line":71,"column":4},"end":{"line":71,"column":65}},{"start":{},"end":{}}],"line":71},"7":{"loc":{"start":{"line":71,"column":41},"end":{"line":71,"column":64}},"type":"binary-expr","locations":[{"start":{"line":71,"column":41},"end":{"line":71,"column":58}},{"start":{"line":71,"column":62},"end":{"line":71,"column":64}}],"line":71},"8":{"loc":{"start":{"line":74,"column":4},"end":{"line":74,"column":58}},"type":"if","locations":[{"start":{"line":74,"column":4},"end":{"line":74,"column":58}},{"start":{},"end":{}}],"line":74},"9":{"loc":{"start":{"line":74,"column":41},"end":{"line":74,"column":57}},"type":"binary-expr","locations":[{"start":{"line":74,"column":41},"end":{"line":74,"column":51}},{"start":{"line":74,"column":55},"end":{"line":74,"column":57}}],"line":74},"10":{"loc":{"start":{"line":77,"column":4},"end":{"line":77,"column":111}},"type":"if","locations":[{"start":{"line":77,"column":4},"end":{"line":77,"column":111}},{"start":{},"end":{}}],"line":77},"11":{"loc":{"start":{"line":77,"column":41},"end":{"line":77,"column":110}},"type":"binary-expr","locations":[{"start":{"line":77,"column":41},"end":{"line":77,"column":104}},{"start":{"line":77,"column":108},"end":{"line":77,"column":110}}],"line":77},"12":{"loc":{"start":{"line":80,"column":4},"end":{"line":80,"column":70}},"type":"if","locations":[{"start":{"line":80,"column":4},"end":{"line":80,"column":70}},{"start":{},"end":{}}],"line":80},"13":{"loc":{"start":{"line":80,"column":49},"end":{"line":80,"column":69}},"type":"binary-expr","locations":[{"start":{"line":80,"column":49},"end":{"line":80,"column":63}},{"start":{"line":80,"column":67},"end":{"line":80,"column":69}}],"line":80},"14":{"loc":{"start":{"line":84,"column":4},"end":{"line":86,"column":5}},"type":"if","locations":[{"start":{"line":84,"column":4},"end":{"line":86,"column":5}},{"start":{},"end":{}}],"line":84},"15":{"loc":{"start":{"line":85,"column":37},"end":{"line":85,"column":90}},"type":"cond-expr","locations":[{"start":{"line":85,"column":58},"end":{"line":85,"column":82}},{"start":{"line":85,"column":85},"end":{"line":85,"column":90}}],"line":85},"16":{"loc":{"start":{"line":90,"column":4},"end":{"line":100,"column":5}},"type":"if","locations":[{"start":{"line":90,"column":4},"end":{"line":100,"column":5}},{"start":{},"end":{}}],"line":90},"17":{"loc":{"start":{"line":91,"column":6},"end":{"line":99,"column":7}},"type":"if","locations":[{"start":{"line":91,"column":6},"end":{"line":99,"column":7}},{"start":{"line":97,"column":13},"end":{"line":99,"column":7}}],"line":91},"18":{"loc":{"start":{"line":94,"column":8},"end":{"line":96,"column":9}},"type":"if","locations":[{"start":{"line":94,"column":8},"end":{"line":96,"column":9}},{"start":{},"end":{}}],"line":94},"19":{"loc":{"start":{"line":104,"column":4},"end":{"line":114,"column":5}},"type":"if","locations":[{"start":{"line":104,"column":4},"end":{"line":114,"column":5}},{"start":{},"end":{}}],"line":104},"20":{"loc":{"start":{"line":105,"column":6},"end":{"line":113,"column":7}},"type":"if","locations":[{"start":{"line":105,"column":6},"end":{"line":113,"column":7}},{"start":{"line":111,"column":13},"end":{"line":113,"column":7}}],"line":105},"21":{"loc":{"start":{"line":108,"column":8},"end":{"line":110,"column":9}},"type":"if","locations":[{"start":{"line":108,"column":8},"end":{"line":110,"column":9}},{"start":{},"end":{}}],"line":108},"22":{"loc":{"start":{"line":118,"column":4},"end":{"line":118,"column":43}},"type":"if","locations":[{"start":{"line":118,"column":4},"end":{"line":118,"column":43}},{"start":{},"end":{}}],"line":118},"23":{"loc":{"start":{"line":120,"column":4},"end":{"line":120,"column":41}},"type":"if","locations":[{"start":{"line":120,"column":4},"end":{"line":120,"column":41}},{"start":{},"end":{}}],"line":120},"24":{"loc":{"start":{"line":122,"column":4},"end":{"line":122,"column":39}},"type":"if","locations":[{"start":{"line":122,"column":4},"end":{"line":122,"column":39}},{"start":{},"end":{}}],"line":122},"25":{"loc":{"start":{"line":126,"column":4},"end":{"line":128,"column":5}},"type":"if","locations":[{"start":{"line":126,"column":4},"end":{"line":128,"column":5}},{"start":{},"end":{}}],"line":126},"26":{"loc":{"start":{"line":132,"column":4},"end":{"line":134,"column":5}},"type":"if","locations":[{"start":{"line":132,"column":4},"end":{"line":134,"column":5}},{"start":{},"end":{}}],"line":132},"27":{"loc":{"start":{"line":138,"column":4},"end":{"line":140,"column":5}},"type":"if","locations":[{"start":{"line":138,"column":4},"end":{"line":140,"column":5}},{"start":{},"end":{}}],"line":138},"28":{"loc":{"start":{"line":144,"column":4},"end":{"line":144,"column":60}},"type":"if","locations":[{"start":{"line":144,"column":4},"end":{"line":144,"column":60}},{"start":{},"end":{}}],"line":144},"29":{"loc":{"start":{"line":144,"column":39},"end":{"line":144,"column":59}},"type":"binary-expr","locations":[{"start":{"line":144,"column":39},"end":{"line":144,"column":53}},{"start":{"line":144,"column":57},"end":{"line":144,"column":59}}],"line":144},"30":{"loc":{"start":{"line":146,"column":4},"end":{"line":146,"column":61}},"type":"if","locations":[{"start":{"line":146,"column":4},"end":{"line":146,"column":61}},{"start":{},"end":{}}],"line":146},"31":{"loc":{"start":{"line":146,"column":39},"end":{"line":146,"column":60}},"type":"binary-expr","locations":[{"start":{"line":146,"column":39},"end":{"line":146,"column":54}},{"start":{"line":146,"column":58},"end":{"line":146,"column":60}}],"line":146},"32":{"loc":{"start":{"line":148,"column":4},"end":{"line":148,"column":61}},"type":"if","locations":[{"start":{"line":148,"column":4},"end":{"line":148,"column":61}},{"start":{},"end":{}}],"line":148},"33":{"loc":{"start":{"line":148,"column":39},"end":{"line":148,"column":60}},"type":"binary-expr","locations":[{"start":{"line":148,"column":39},"end":{"line":148,"column":54}},{"start":{"line":148,"column":58},"end":{"line":148,"column":60}}],"line":148},"34":{"loc":{"start":{"line":156,"column":4},"end":{"line":157,"column":62}},"type":"if","locations":[{"start":{"line":156,"column":4},"end":{"line":157,"column":62}},{"start":{"line":157,"column":9},"end":{"line":157,"column":62}}],"line":156},"35":{"loc":{"start":{"line":160,"column":4},"end":{"line":165,"column":5}},"type":"if","locations":[{"start":{"line":160,"column":4},"end":{"line":165,"column":5}},{"start":{"line":162,"column":11},"end":{"line":165,"column":5}}],"line":160},"36":{"loc":{"start":{"line":175,"column":2},"end":{"line":175,"column":58}},"type":"if","locations":[{"start":{"line":175,"column":2},"end":{"line":175,"column":58}},{"start":{},"end":{}}],"line":175},"37":{"loc":{"start":{"line":178,"column":2},"end":{"line":178,"column":51}},"type":"if","locations":[{"start":{"line":178,"column":2},"end":{"line":178,"column":51}},{"start":{},"end":{}}],"line":178},"38":{"loc":{"start":{"line":182,"column":2},"end":{"line":184,"column":3}},"type":"if","locations":[{"start":{"line":182,"column":2},"end":{"line":184,"column":3}},{"start":{},"end":{}}],"line":182},"39":{"loc":{"start":{"line":188,"column":2},"end":{"line":190,"column":3}},"type":"if","locations":[{"start":{"line":188,"column":2},"end":{"line":190,"column":3}},{"start":{},"end":{}}],"line":188},"40":{"loc":{"start":{"line":194,"column":2},"end":{"line":196,"column":3}},"type":"if","locations":[{"start":{"line":194,"column":2},"end":{"line":196,"column":3}},{"start":{},"end":{}}],"line":194},"41":{"loc":{"start":{"line":204,"column":2},"end":{"line":204,"column":21}},"type":"if","locations":[{"start":{"line":204,"column":2},"end":{"line":204,"column":21}},{"start":{},"end":{}}],"line":204},"42":{"loc":{"start":{"line":205,"column":21},"end":{"line":205,"column":51}},"type":"binary-expr","locations":[{"start":{"line":205,"column":21},"end":{"line":205,"column":46}},{"start":{"line":205,"column":50},"end":{"line":205,"column":51}}],"line":205},"43":{"loc":{"start":{"line":214,"column":2},"end":{"line":214,"column":28}},"type":"if","locations":[{"start":{"line":214,"column":2},"end":{"line":214,"column":28}},{"start":{},"end":{}}],"line":214},"44":{"loc":{"start":{"line":217,"column":21},"end":{"line":217,"column":84}},"type":"binary-expr","locations":[{"start":{"line":217,"column":21},"end":{"line":217,"column":79}},{"start":{"line":217,"column":83},"end":{"line":217,"column":84}}],"line":217},"45":{"loc":{"start":{"line":218,"column":20},"end":{"line":218,"column":82}},"type":"binary-expr","locations":[{"start":{"line":218,"column":20},"end":{"line":218,"column":77}},{"start":{"line":218,"column":81},"end":{"line":218,"column":82}}],"line":218},"46":{"loc":{"start":{"line":219,"column":19},"end":{"line":219,"column":80}},"type":"binary-expr","locations":[{"start":{"line":219,"column":19},"end":{"line":219,"column":75}},{"start":{"line":219,"column":79},"end":{"line":219,"column":80}}],"line":219},"47":{"loc":{"start":{"line":223,"column":25},"end":{"line":223,"column":55}},"type":"binary-expr","locations":[{"start":{"line":223,"column":25},"end":{"line":223,"column":50}},{"start":{"line":223,"column":54},"end":{"line":223,"column":55}}],"line":223},"48":{"loc":{"start":{"line":224,"column":24},"end":{"line":224,"column":53}},"type":"binary-expr","locations":[{"start":{"line":224,"column":24},"end":{"line":224,"column":48}},{"start":{"line":224,"column":52},"end":{"line":224,"column":53}}],"line":224},"49":{"loc":{"start":{"line":225,"column":23},"end":{"line":225,"column":51}},"type":"binary-expr","locations":[{"start":{"line":225,"column":23},"end":{"line":225,"column":46}},{"start":{"line":225,"column":50},"end":{"line":225,"column":51}}],"line":225},"50":{"loc":{"start":{"line":229,"column":2},"end":{"line":231,"column":3}},"type":"if","locations":[{"start":{"line":229,"column":2},"end":{"line":231,"column":3}},{"start":{},"end":{}}],"line":229},"51":{"loc":{"start":{"line":237,"column":2},"end":{"line":237,"column":45}},"type":"if","locations":[{"start":{"line":237,"column":2},"end":{"line":237,"column":45}},{"start":{},"end":{}}],"line":237},"52":{"loc":{"start":{"line":237,"column":6},"end":{"line":237,"column":36}},"type":"binary-expr","locations":[{"start":{"line":237,"column":6},"end":{"line":237,"column":13}},{"start":{"line":237,"column":17},"end":{"line":237,"column":36}}],"line":237},"53":{"loc":{"start":{"line":240,"column":2},"end":{"line":240,"column":45}},"type":"if","locations":[{"start":{"line":240,"column":2},"end":{"line":240,"column":45}},{"start":{},"end":{}}],"line":240},"54":{"loc":{"start":{"line":241,"column":2},"end":{"line":241,"column":48}},"type":"if","locations":[{"start":{"line":241,"column":2},"end":{"line":241,"column":48}},{"start":{},"end":{}}],"line":241},"55":{"loc":{"start":{"line":265,"column":2},"end":{"line":267,"column":3}},"type":"if","locations":[{"start":{"line":265,"column":2},"end":{"line":267,"column":3}},{"start":{},"end":{}}],"line":265},"56":{"loc":{"start":{"line":274,"column":4},"end":{"line":278,"column":5}},"type":"if","locations":[{"start":{"line":274,"column":4},"end":{"line":278,"column":5}},{"start":{},"end":{}}],"line":274},"57":{"loc":{"start":{"line":274,"column":8},"end":{"line":274,"column":38}},"type":"binary-expr","locations":[{"start":{"line":274,"column":8},"end":{"line":274,"column":15}},{"start":{"line":274,"column":19},"end":{"line":274,"column":38}}],"line":274},"58":{"loc":{"start":{"line":276,"column":6},"end":{"line":276,"column":70}},"type":"if","locations":[{"start":{"line":276,"column":6},"end":{"line":276,"column":70}},{"start":{},"end":{}}],"line":276},"59":{"loc":{"start":{"line":284,"column":4},"end":{"line":284,"column":73}},"type":"if","locations":[{"start":{"line":284,"column":4},"end":{"line":284,"column":73}},{"start":{},"end":{}}],"line":284},"60":{"loc":{"start":{"line":304,"column":4},"end":{"line":307,"column":5}},"type":"if","locations":[{"start":{"line":304,"column":4},"end":{"line":307,"column":5}},{"start":{},"end":{}}],"line":304},"61":{"loc":{"start":{"line":304,"column":7},"end":{"line":304,"column":75}},"type":"binary-expr","locations":[{"start":{"line":304,"column":7},"end":{"line":304,"column":28}},{"start":{"line":304,"column":32},"end":{"line":304,"column":52}},{"start":{"line":304,"column":56},"end":{"line":304,"column":75}}],"line":304},"62":{"loc":{"start":{"line":312,"column":6},"end":{"line":359,"column":7}},"type":"if","locations":[{"start":{"line":312,"column":6},"end":{"line":359,"column":7}},{"start":{"line":357,"column":13},"end":{"line":359,"column":7}}],"line":312},"63":{"loc":{"start":{"line":372,"column":4},"end":{"line":376,"column":5}},"type":"if","locations":[{"start":{"line":372,"column":4},"end":{"line":376,"column":5}},{"start":{},"end":{}}],"line":372},"64":{"loc":{"start":{"line":373,"column":39},"end":{"line":373,"column":69}},"type":"binary-expr","locations":[{"start":{"line":373,"column":39},"end":{"line":373,"column":64}},{"start":{"line":373,"column":68},"end":{"line":373,"column":69}}],"line":373},"65":{"loc":{"start":{"line":374,"column":38},"end":{"line":374,"column":67}},"type":"binary-expr","locations":[{"start":{"line":374,"column":38},"end":{"line":374,"column":62}},{"start":{"line":374,"column":66},"end":{"line":374,"column":67}}],"line":374},"66":{"loc":{"start":{"line":375,"column":37},"end":{"line":375,"column":65}},"type":"binary-expr","locations":[{"start":{"line":375,"column":37},"end":{"line":375,"column":60}},{"start":{"line":375,"column":64},"end":{"line":375,"column":65}}],"line":375},"67":{"loc":{"start":{"line":383,"column":6},"end":{"line":386,"column":7}},"type":"if","locations":[{"start":{"line":383,"column":6},"end":{"line":386,"column":7}},{"start":{},"end":{}}],"line":383}},"s":{"0":0,"1":0,"2":0,"3":0,"4":0,"5":0,"6":0,"7":0,"8":0,"9":0,"10":0,"11":0,"12":0,"13":0,"14":0,"15":0,"16":0,"17":0,"18":0,"19":0,"20":0,"21":0,"22":0,"23":0,"24":0,"25":0,"26":0,"27":0,"28":0,"29":0,"30":0,"31":0,"32":0,"33":0,"34":0,"35":0,"36":0,"37":0,"38":0,"39":0,"40":0,"41":0,"42":0,"43":0,"44":0,"45":0,"46":0,"47":0,"48":0,"49":0,"50":0,"51":0,"52":0,"53":0,"54":0,"55":0,"56":0,"57":0,"58":0,"59":0,"60":0,"61":0,"62":0,"63":0,"64":0,"65":0,"66":0,"67":0,"68":0,"69":0,"70":0,"71":0,"72":0,"73":0,"74":0,"75":0,"76":0,"77":0,"78":0,"79":0,"80":0,"81":0,"82":0,"83":0,"84":0,"85":0,"86":0,"87":0,"88":0,"89":0,"90":0,"91":0,"92":0,"93":0,"94":0,"95":0,"96":0,"97":0,"98":0,"99":0,"100":0,"101":0,"102":0,"103":0,"104":0,"105":0,"106":0,"107":0,"108":0,"109":0,"110":0,"111":0,"112":0,"113":0,"114":0,"115":0,"116":0,"117":0,"118":0,"119":0,"120":0,"121":0,"122":0,"123":0,"124":0,"125":0,"126":0,"127":0,"128":0,"129":0,"130":0,"131":0,"132":0,"133":0,"134":0,"135":0,"136":0,"137":0,"138":0,"139":0,"140":0,"141":0,"142":0,"143":0,"144":0,"145":0,"146":0,"147":0,"148":0,"149":0,"150":0,"151":0,"152":0,"153":0,"154":0,"155":0,"156":0,"157":0,"158":0,"159":0,"160":0,"161":0,"162":0,"163":0,"164":0,"165":0,"166":0,"167":0,"168":0,"169":0,"170":0,"171":0,"172":0,"173":0,"174":0,"175":0,"176":0,"177":0,"178":0,"179":0,"180":0,"181":0,"182":0,"183":0,"184":0,"185":0,"186":0,"187":0,"188":0,"189":0,"190":0,"191":0,"192":0,"193":0,"194":0,"195":0,"196":0,"197":0,"198":0,"199":0,"200":0,"201":0,"202":0,"203":0,"204":0,"205":0,"206":0},"f":{"0":0,"1":0,"2":0,"3":0,"4":0,"5":0,"6":0,"7":0,"8":0,"9":0,"10":0,"11":0,"12":0,"13":0,"14":0,"15":0,"16":0,"17":0,"18":0,"19":0,"20":0},"b":{"0":[0,0],"1":[0,0],"2":[0,0],"3":[0,0],"4":[0,0],"5":[0,0],"6":[0,0],"7":[0,0],"8":[0,0],"9":[0,0],"10":[0,0],"11":[0,0],"12":[0,0],"13":[0,0],"14":[0,0],"15":[0,0],"16":[0,0],"17":[0,0],"18":[0,0],"19":[0,0],"20":[0,0],"21":[0,0],"22":[0,0],"23":[0,0],"24":[0,0],"25":[0,0],"26":[0,0],"27":[0,0],"28":[0,0],"29":[0,0],"30":[0,0],"31":[0,0],"32":[0,0],"33":[0,0],"34":[0,0],"35":[0,0],"36":[0,0],"37":[0,0],"38":[0,0],"39":[0,0],"40":[0,0],"41":[0,0],"42":[0,0],"43":[0,0],"44":[0,0],"45":[0,0],"46":[0,0],"47":[0,0],"48":[0,0],"49":[0,0],"50":[0,0],"51":[0,0],"52":[0,0],"53":[0,0],"54":[0,0],"55":[0,0],"56":[0,0],"57":[0,0],"58":[0,0],"59":[0,0],"60":[0,0],"61":[0,0,0],"62":[0,0],"63":[0,0],"64":[0,0],"65":[0,0],"66":[0,0],"67":[0,0]}}
,"C:\\Users\\HP WORLD\\Desktop\\COSC4P02_Festify\\Festify\\firebase.js": {"path":"C:\\Users\\HP WORLD\\Desktop\\COSC4P02_Festify\\Festify\\firebase.js","statementMap":{"0":{"start":{"line":28,"column":23},"end":{"line":36,"column":1}},"1":{"start":{"line":38,"column":12},"end":{"line":38,"column":41}},"2":{"start":{"line":40,"column":18},"end":{"line":40,"column":35}},"3":{"start":{"line":42,"column":13},"end":{"line":42,"column":25}},"4":{"start":{"line":44,"column":11},"end":{"line":44,"column":28}},"5":{"start":{"line":46,"column":16},"end":{"line":46,"column":31}},"6":{"start":{"line":53,"column":19},"end":{"line":53,"column":78}},"7":{"start":{"line":54,"column":2},"end":{"line":54,"column":18}},"8":{"start":{"line":58,"column":19},"end":{"line":58,"column":74}},"9":{"start":{"line":59,"column":2},"end":{"line":59,"column":18}},"10":{"start":{"line":63,"column":2},"end":{"line":63,"column":23}},"11":{"start":{"line":67,"column":2},"end":{"line":67,"column":44}},"12":{"start":{"line":73,"column":17},"end":{"line":73,"column":38}},"13":{"start":{"line":76,"column":2},"end":{"line":76,"column":53}},"14":{"start":{"line":81,"column":2},"end":{"line":98,"column":3}},"15":{"start":{"line":83,"column":33},"end":{"line":83,"column":75}},"16":{"start":{"line":86,"column":32},"end":{"line":89,"column":5}},"17":{"start":{"line":92,"column":19},"end":{"line":92,"column":74}},"18":{"start":{"line":93,"column":4},"end":{"line":93,"column":52}},"19":{"start":{"line":94,"column":4},"end":{"line":94,"column":21}},"20":{"start":{"line":96,"column":4},"end":{"line":96,"column":49}},"21":{"start":{"line":97,"column":4},"end":{"line":97,"column":16}},"22":{"start":{"line":103,"column":2},"end":{"line":120,"column":3}},"23":{"start":{"line":105,"column":33},"end":{"line":105,"column":75}},"24":{"start":{"line":108,"column":26},"end":{"line":108,"column":61}},"25":{"start":{"line":111,"column":20},"end":{"line":114,"column":7}},"26":{"start":{"line":111,"column":51},"end":{"line":114,"column":5}},"27":{"start":{"line":116,"column":4},"end":{"line":116,"column":19}},"28":{"start":{"line":118,"column":4},"end":{"line":118,"column":57}},"29":{"start":{"line":119,"column":4},"end":{"line":119,"column":14}},"30":{"start":{"line":126,"column":17},"end":{"line":126,"column":38}},"31":{"start":{"line":129,"column":19},"end":{"line":129,"column":39}},"32":{"start":{"line":132,"column":2},"end":{"line":132,"column":52}},"33":{"start":{"line":138,"column":2},"end":{"line":167,"column":3}},"34":{"start":{"line":139,"column":4},"end":{"line":139,"column":64}},"35":{"start":{"line":141,"column":22},"end":{"line":141,"column":46}},"36":{"start":{"line":142,"column":4},"end":{"line":142,"column":55}},"37":{"start":{"line":145,"column":4},"end":{"line":145,"column":46}},"38":{"start":{"line":146,"column":27},"end":{"line":146,"column":51}},"39":{"start":{"line":147,"column":4},"end":{"line":147,"column":53}},"40":{"start":{"line":150,"column":23},"end":{"line":154,"column":6}},"41":{"start":{"line":151,"column":19},"end":{"line":151,"column":29}},"42":{"start":{"line":152,"column":6},"end":{"line":152,"column":39}},"43":{"start":{"line":153,"column":6},"end":{"line":153,"column":37}},"44":{"start":{"line":156,"column":4},"end":{"line":156,"column":60}},"45":{"start":{"line":158,"column":4},"end":{"line":158,"column":22}},"46":{"start":{"line":161,"column":4},"end":{"line":161,"column":51}},"47":{"start":{"line":162,"column":4},"end":{"line":162,"column":51}},"48":{"start":{"line":163,"column":4},"end":{"line":163,"column":47}},"49":{"start":{"line":166,"column":4},"end":{"line":166,"column":14}},"50":{"start":{"line":173,"column":2},"end":{"line":194,"column":3}},"51":{"start":{"line":175,"column":22},"end":{"line":175,"column":46}},"52":{"start":{"line":178,"column":14},"end":{"line":178,"column":66}},"53":{"start":{"line":181,"column":27},"end":{"line":181,"column":43}},"54":{"start":{"line":184,"column":23},"end":{"line":184,"column":86}},"55":{"start":{"line":184,"column":55},"end":{"line":184,"column":84}},"56":{"start":{"line":187,"column":4},"end":{"line":187,"column":22}},"57":{"start":{"line":190,"column":4},"end":{"line":190,"column":56}},"58":{"start":{"line":193,"column":4},"end":{"line":193,"column":14}},"59":{"start":{"line":199,"column":2},"end":{"line":206,"column":3}},"60":{"start":{"line":200,"column":19},"end":{"line":200,"column":68}},"61":{"start":{"line":201,"column":4},"end":{"line":201,"column":53}},"62":{"start":{"line":202,"column":4},"end":{"line":202,"column":21}},"63":{"start":{"line":204,"column":4},"end":{"line":204,"column":50}},"64":{"start":{"line":205,"column":4},"end":{"line":205,"column":16}},"65":{"start":{"line":211,"column":2},"end":{"line":220,"column":3}},"66":{"start":{"line":212,"column":21},"end":{"line":212,"column":61}},"67":{"start":{"line":213,"column":4},"end":{"line":215,"column":5}},"68":{"start":{"line":214,"column":6},"end":{"line":214,"column":53}},"69":{"start":{"line":216,"column":4},"end":{"line":216,"column":16}},"70":{"start":{"line":218,"column":4},"end":{"line":218,"column":49}},"71":{"start":{"line":219,"column":4},"end":{"line":219,"column":16}},"72":{"start":{"line":224,"column":2},"end":{"line":232,"column":3}},"73":{"start":{"line":225,"column":23},"end":{"line":225,"column":83}},"74":{"start":{"line":226,"column":21},"end":{"line":226,"column":56}},"75":{"start":{"line":227,"column":24},"end":{"line":227,"column":58}},"76":{"start":{"line":228,"column":4},"end":{"line":228,"column":23}},"77":{"start":{"line":230,"column":4},"end":{"line":230,"column":51}},"78":{"start":{"line":231,"column":4},"end":{"line":231,"column":16}},"79":{"start":{"line":236,"column":2},"end":{"line":242,"column":3}},"80":{"start":{"line":237,"column":21},"end":{"line":237,"column":47}},"81":{"start":{"line":238,"column":4},"end":{"line":238,"column":63}},"82":{"start":{"line":239,"column":4},"end":{"line":239,"column":74}},"83":{"start":{"line":241,"column":4},"end":{"line":241,"column":77}},"84":{"start":{"line":246,"column":2},"end":{"line":260,"column":3}},"85":{"start":{"line":247,"column":19},"end":{"line":247,"column":45}},"86":{"start":{"line":248,"column":20},"end":{"line":248,"column":40}},"87":{"start":{"line":250,"column":4},"end":{"line":257,"column":5}},"88":{"start":{"line":251,"column":29},"end":{"line":251,"column":61}},"89":{"start":{"line":252,"column":25},"end":{"line":252,"column":49}},"90":{"start":{"line":254,"column":6},"end":{"line":256,"column":9}},"91":{"start":{"line":259,"column":4},"end":{"line":259,"column":52}},"92":{"start":{"line":265,"column":2},"end":{"line":273,"column":3}},"93":{"start":{"line":266,"column":21},"end":{"line":266,"column":47}},"94":{"start":{"line":267,"column":4},"end":{"line":267,"column":41}},"95":{"start":{"line":268,"column":4},"end":{"line":268,"column":46}},"96":{"start":{"line":269,"column":4},"end":{"line":269,"column":16}},"97":{"start":{"line":271,"column":4},"end":{"line":271,"column":50}},"98":{"start":{"line":272,"column":4},"end":{"line":272,"column":16}},"99":{"start":{"line":277,"column":2},"end":{"line":284,"column":3}},"100":{"start":{"line":278,"column":21},"end":{"line":278,"column":47}},"101":{"start":{"line":279,"column":4},"end":{"line":279,"column":30}},"102":{"start":{"line":280,"column":4},"end":{"line":280,"column":16}},"103":{"start":{"line":282,"column":4},"end":{"line":282,"column":50}},"104":{"start":{"line":283,"column":4},"end":{"line":283,"column":16}},"105":{"start":{"line":289,"column":2},"end":{"line":306,"column":3}},"106":{"start":{"line":291,"column":34},"end":{"line":291,"column":60}},"107":{"start":{"line":294,"column":34},"end":{"line":297,"column":5}},"108":{"start":{"line":300,"column":19},"end":{"line":300,"column":77}},"109":{"start":{"line":301,"column":4},"end":{"line":301,"column":54}},"110":{"start":{"line":302,"column":4},"end":{"line":302,"column":21}},"111":{"start":{"line":304,"column":4},"end":{"line":304,"column":51}},"112":{"start":{"line":305,"column":4},"end":{"line":305,"column":16}}},"fnMap":{"0":{"name":"signUpUser","decl":{"start":{"line":52,"column":22},"end":{"line":52,"column":32}},"loc":{"start":{"line":52,"column":50},"end":{"line":55,"column":1}},"line":52},"1":{"name":"signInUser","decl":{"start":{"line":57,"column":22},"end":{"line":57,"column":32}},"loc":{"start":{"line":57,"column":50},"end":{"line":60,"column":1}},"line":57},"2":{"name":"signOutUser","decl":{"start":{"line":62,"column":16},"end":{"line":62,"column":27}},"loc":{"start":{"line":62,"column":30},"end":{"line":64,"column":1}},"line":62},"3":{"name":"onUserStateChanged","decl":{"start":{"line":66,"column":16},"end":{"line":66,"column":34}},"loc":{"start":{"line":66,"column":45},"end":{"line":68,"column":1}},"line":66},"4":{"name":"saveUserProfile","decl":{"start":{"line":71,"column":22},"end":{"line":71,"column":37}},"loc":{"start":{"line":71,"column":56},"end":{"line":77,"column":1}},"line":71},"5":{"name":"saveUserTicket","decl":{"start":{"line":80,"column":22},"end":{"line":80,"column":36}},"loc":{"start":{"line":80,"column":57},"end":{"line":99,"column":1}},"line":80},"6":{"name":"getUserTickets","decl":{"start":{"line":102,"column":22},"end":{"line":102,"column":36}},"loc":{"start":{"line":102,"column":45},"end":{"line":121,"column":1}},"line":102},"7":{"name":"(anonymous_7)","decl":{"start":{"line":111,"column":43},"end":{"line":111,"column":44}},"loc":{"start":{"line":111,"column":51},"end":{"line":114,"column":5}},"line":111},"8":{"name":"getUserProfile","decl":{"start":{"line":124,"column":22},"end":{"line":124,"column":36}},"loc":{"start":{"line":124,"column":42},"end":{"line":133,"column":1}},"line":124},"9":{"name":"fetchEvents","decl":{"start":{"line":137,"column":22},"end":{"line":137,"column":33}},"loc":{"start":{"line":137,"column":36},"end":{"line":168,"column":1}},"line":137},"10":{"name":"(anonymous_10)","decl":{"start":{"line":150,"column":47},"end":{"line":150,"column":48}},"loc":{"start":{"line":150,"column":54},"end":{"line":154,"column":5}},"line":150},"11":{"name":"fetchUserEvents","decl":{"start":{"line":172,"column":22},"end":{"line":172,"column":37}},"loc":{"start":{"line":172,"column":46},"end":{"line":195,"column":1}},"line":172},"12":{"name":"(anonymous_12)","decl":{"start":{"line":184,"column":47},"end":{"line":184,"column":48}},"loc":{"start":{"line":184,"column":55},"end":{"line":184,"column":84}},"line":184},"13":{"name":"createNewEvent","decl":{"start":{"line":198,"column":22},"end":{"line":198,"column":36}},"loc":{"start":{"line":198,"column":48},"end":{"line":207,"column":1}},"line":198},"14":{"name":"getEventById","decl":{"start":{"line":210,"column":22},"end":{"line":210,"column":34}},"loc":{"start":{"line":210,"column":44},"end":{"line":221,"column":1}},"line":210},"15":{"name":"uploadEventImage","decl":{"start":{"line":223,"column":22},"end":{"line":223,"column":38}},"loc":{"start":{"line":223,"column":45},"end":{"line":233,"column":1}},"line":223},"16":{"name":"updateTickets","decl":{"start":{"line":235,"column":22},"end":{"line":235,"column":35}},"loc":{"start":{"line":235,"column":53},"end":{"line":243,"column":1}},"line":235},"17":{"name":"updateRevenue","decl":{"start":{"line":245,"column":22},"end":{"line":245,"column":35}},"loc":{"start":{"line":245,"column":53},"end":{"line":261,"column":1}},"line":245},"18":{"name":"updateEvent","decl":{"start":{"line":264,"column":22},"end":{"line":264,"column":33}},"loc":{"start":{"line":264,"column":54},"end":{"line":274,"column":1}},"line":264},"19":{"name":"deleteEvent","decl":{"start":{"line":276,"column":22},"end":{"line":276,"column":33}},"loc":{"start":{"line":276,"column":43},"end":{"line":285,"column":1}},"line":276},"20":{"name":"saveFeedback","decl":{"start":{"line":288,"column":22},"end":{"line":288,"column":34}},"loc":{"start":{"line":288,"column":49},"end":{"line":307,"column":1}},"line":288}},"branchMap":{"0":{"loc":{"start":{"line":132,"column":9},"end":{"line":132,"column":51}},"type":"cond-expr","locations":[{"start":{"line":132,"column":29},"end":{"line":132,"column":44}},{"start":{"line":132,"column":47},"end":{"line":132,"column":51}}],"line":132},"1":{"loc":{"start":{"line":213,"column":4},"end":{"line":215,"column":5}},"type":"if","locations":[{"start":{"line":213,"column":4},"end":{"line":215,"column":5}},{"start":{},"end":{}}],"line":213},"2":{"loc":{"start":{"line":250,"column":4},"end":{"line":257,"column":5}},"type":"if","locations":[{"start":{"line":250,"column":4},"end":{"line":257,"column":5}},{"start":{},"end":{}}],"line":250},"3":{"loc":{"start":{"line":251,"column":29},"end":{"line":251,"column":61}},"type":"binary-expr","locations":[{"start":{"line":251,"column":29},"end":{"line":251,"column":56}},{"start":{"line":251,"column":60},"end":{"line":251,"column":61}}],"line":251}},"s":{"0":0,"1":0,"2":0,"3":0,"4":0,"5":0,"6":0,"7":0,"8":0,"9":0,"10":0,"11":0,"12":0,"13":0,"14":0,"15":0,"16":0,"17":0,"18":0,"19":0,"20":0,"21":0,"22":0,"23":0,"24":0,"25":0,"26":0,"27":0,"28":0,"29":0,"30":0,"31":0,"32":0,"33":0,"34":0,"35":0,"36":0,"37":0,"38":0,"39":0,"40":0,"41":0,"42":0,"43":0,"44":0,"45":0,"46":0,"47":0,"48":0,"49":0,"50":0,"51":0,"52":0,"53":0,"54":0,"55":0,"56":0,"57":0,"58":0,"59":0,"60":0,"61":0,"62":0,"63":0,"64":0,"65":0,"66":0,"67":0,"68":0,"69":0,"70":0,"71":0,"72":0,"73":0,"74":0,"75":0,"76":0,"77":0,"78":0,"79":0,"80":0,"81":0,"82":0,"83":0,"84":0,"85":0,"86":0,"87":0,"88":0,"89":0,"90":0,"91":0,"92":0,"93":0,"94":0,"95":0,"96":0,"97":0,"98":0,"99":0,"100":0,"101":0,"102":0,"103":0,"104":0,"105":0,"106":0,"107":0,"108":0,"109":0,"110":0,"111":0,"112":0},"f":{"0":0,"1":0,"2":0,"3":0,"4":0,"5":0,"6":0,"7":0,"8":0,"9":0,"10":0,"11":0,"12":0,"13":0,"14":0,"15":0,"16":0,"17":0,"18":0,"19":0,"20":0},"b":{"0":[0,0],"1":[0,0],"2":[0,0],"3":[0,0]}}
,"C:\\Users\\HP WORLD\\Desktop\\COSC4P02_Festify\\Festify\\organizer.js": {"path":"C:\\Users\\HP WORLD\\Desktop\\COSC4P02_Festify\\Festify\\organizer.js","statementMap":{"0":{"start":{"line":5,"column":0},"end":{"line":9,"column":3}},"1":{"start":{"line":6,"column":2},"end":{"line":8,"column":3}},"2":{"start":{"line":7,"column":4},"end":{"line":7,"column":47}}},"fnMap":{"0":{"name":"(anonymous_0)","decl":{"start":{"line":5,"column":19},"end":{"line":5,"column":20}},"loc":{"start":{"line":5,"column":27},"end":{"line":9,"column":1}},"line":5}},"branchMap":{"0":{"loc":{"start":{"line":6,"column":2},"end":{"line":8,"column":3}},"type":"if","locations":[{"start":{"line":6,"column":2},"end":{"line":8,"column":3}},{"start":{},"end":{}}],"line":6}},"s":{"0":0,"1":0,"2":0},"f":{"0":0},"b":{"0":[0,0]}}
,"C:\\Users\\HP WORLD\\Desktop\\COSC4P02_Festify\\Festify\\script.js": {"path":"C:\\Users\\HP WORLD\\Desktop\\COSC4P02_Festify\\Festify\\script.js","statementMap":{"0":{"start":{"line":14,"column":18},"end":{"line":14,"column":22}},"1":{"start":{"line":17,"column":0},"end":{"line":36,"column":3}},"2":{"start":{"line":18,"column":2},"end":{"line":35,"column":3}},"3":{"start":{"line":19,"column":4},"end":{"line":19,"column":23}},"4":{"start":{"line":21,"column":24},"end":{"line":21,"column":54}},"5":{"start":{"line":22,"column":4},"end":{"line":28,"column":5}},"6":{"start":{"line":23,"column":6},"end":{"line":23,"column":75}},"7":{"start":{"line":24,"column":6},"end":{"line":24,"column":71}},"8":{"start":{"line":25,"column":6},"end":{"line":25,"column":71}},"9":{"start":{"line":26,"column":6},"end":{"line":26,"column":75}},"10":{"start":{"line":27,"column":6},"end":{"line":27,"column":75}},"11":{"start":{"line":30,"column":4},"end":{"line":30,"column":25}},"12":{"start":{"line":32,"column":4},"end":{"line":32,"column":23}},"13":{"start":{"line":40,"column":18},"end":{"line":40,"column":68}},"14":{"start":{"line":41,"column":2},"end":{"line":41,"column":67}},"15":{"start":{"line":46,"column":2},"end":{"line":50,"column":20}},"16":{"start":{"line":55,"column":2},"end":{"line":55,"column":27}},"17":{"start":{"line":55,"column":20},"end":{"line":55,"column":27}},"18":{"start":{"line":56,"column":2},"end":{"line":125,"column":3}},"19":{"start":{"line":57,"column":19},"end":{"line":57,"column":57}},"20":{"start":{"line":58,"column":27},"end":{"line":58,"column":28}},"21":{"start":{"line":59,"column":20},"end":{"line":59,"column":21}},"22":{"start":{"line":60,"column":4},"end":{"line":63,"column":7}},"23":{"start":{"line":61,"column":6},"end":{"line":61,"column":45}},"24":{"start":{"line":62,"column":6},"end":{"line":62,"column":52}},"25":{"start":{"line":64,"column":4},"end":{"line":64,"column":86}},"26":{"start":{"line":65,"column":4},"end":{"line":65,"column":65}},"27":{"start":{"line":66,"column":23},"end":{"line":66,"column":60}},"28":{"start":{"line":67,"column":4},"end":{"line":122,"column":5}},"29":{"start":{"line":68,"column":25},"end":{"line":68,"column":38}},"30":{"start":{"line":69,"column":6},"end":{"line":69,"column":70}},"31":{"start":{"line":70,"column":6},"end":{"line":108,"column":18}},"32":{"start":{"line":70,"column":58},"end":{"line":108,"column":7}},"33":{"start":{"line":111,"column":25},"end":{"line":111,"column":67}},"34":{"start":{"line":112,"column":6},"end":{"line":121,"column":9}},"35":{"start":{"line":113,"column":8},"end":{"line":120,"column":11}},"36":{"start":{"line":114,"column":26},"end":{"line":114,"column":60}},"37":{"start":{"line":115,"column":24},"end":{"line":115,"column":58}},"38":{"start":{"line":115,"column":41},"end":{"line":115,"column":57}},"39":{"start":{"line":116,"column":10},"end":{"line":119,"column":11}},"40":{"start":{"line":117,"column":12},"end":{"line":117,"column":36}},"41":{"start":{"line":118,"column":12},"end":{"line":118,"column":27}},"42":{"start":{"line":124,"column":4},"end":{"line":124,"column":52}},"43":{"start":{"line":130,"column":2},"end":{"line":130,"column":70}},"44":{"start":{"line":131,"column":2},"end":{"line":131,"column":71}},"45":{"start":{"line":132,"column":2},"end":{"line":132,"column":68}},"46":{"start":{"line":133,"column":2},"end":{"line":133,"column":67}},"47":{"start":{"line":137,"column":2},"end":{"line":137,"column":69}},"48":{"start":{"line":138,"column":2},"end":{"line":138,"column":71}},"49":{"start":{"line":139,"column":2},"end":{"line":139,"column":69}},"50":{"start":{"line":140,"column":2},"end":{"line":140,"column":68}},"51":{"start":{"line":144,"column":2},"end":{"line":144,"column":72}},"52":{"start":{"line":145,"column":2},"end":{"line":145,"column":68}},"53":{"start":{"line":146,"column":2},"end":{"line":146,"column":67}},"54":{"start":{"line":147,"column":2},"end":{"line":147,"column":69}},"55":{"start":{"line":151,"column":2},"end":{"line":151,"column":71}},"56":{"start":{"line":152,"column":2},"end":{"line":152,"column":69}},"57":{"start":{"line":153,"column":2},"end":{"line":153,"column":68}},"58":{"start":{"line":157,"column":2},"end":{"line":157,"column":18}},"59":{"start":{"line":158,"column":2},"end":{"line":158,"column":20}},"60":{"start":{"line":159,"column":2},"end":{"line":159,"column":23}},"61":{"start":{"line":163,"column":22},"end":{"line":174,"column":1}},"62":{"start":{"line":164,"column":21},"end":{"line":164,"column":39}},"63":{"start":{"line":165,"column":27},"end":{"line":165,"column":44}},"64":{"start":{"line":167,"column":2},"end":{"line":173,"column":3}},"65":{"start":{"line":168,"column":22},"end":{"line":168,"column":35}},"66":{"start":{"line":169,"column":21},"end":{"line":169,"column":51}},"67":{"start":{"line":170,"column":24},"end":{"line":170,"column":58}},"68":{"start":{"line":171,"column":4},"end":{"line":171,"column":31}},"69":{"start":{"line":172,"column":4},"end":{"line":172,"column":40}},"70":{"start":{"line":178,"column":2},"end":{"line":178,"column":74}},"71":{"start":{"line":179,"column":2},"end":{"line":179,"column":69}},"72":{"start":{"line":180,"column":2},"end":{"line":180,"column":71}},"73":{"start":{"line":181,"column":2},"end":{"line":181,"column":68}},"74":{"start":{"line":182,"column":2},"end":{"line":182,"column":67}},"75":{"start":{"line":187,"column":2},"end":{"line":187,"column":73}},"76":{"start":{"line":188,"column":2},"end":{"line":188,"column":69}},"77":{"start":{"line":189,"column":2},"end":{"line":189,"column":68}},"78":{"start":{"line":194,"column":24},"end":{"line":194,"column":64}},"79":{"start":{"line":195,"column":2},"end":{"line":195,"column":43}},"80":{"start":{"line":197,"column":2},"end":{"line":197,"column":65}},"81":{"start":{"line":198,"column":2},"end":{"line":198,"column":77}},"82":{"start":{"line":199,"column":2},"end":{"line":199,"column":63}},"83":{"start":{"line":200,"column":2},"end":{"line":200,"column":73}},"84":{"start":{"line":201,"column":2},"end":{"line":201,"column":69}},"85":{"start":{"line":202,"column":2},"end":{"line":202,"column":71}},"86":{"start":{"line":203,"column":2},"end":{"line":203,"column":72}},"87":{"start":{"line":204,"column":2},"end":{"line":204,"column":73}},"88":{"start":{"line":207,"column":2},"end":{"line":215,"column":3}},"89":{"start":{"line":208,"column":4},"end":{"line":208,"column":67}},"90":{"start":{"line":209,"column":4},"end":{"line":209,"column":63}},"91":{"start":{"line":210,"column":4},"end":{"line":210,"column":73}},"92":{"start":{"line":212,"column":4},"end":{"line":212,"column":68}},"93":{"start":{"line":213,"column":4},"end":{"line":213,"column":62}},"94":{"start":{"line":214,"column":4},"end":{"line":214,"column":57}},"95":{"start":{"line":218,"column":2},"end":{"line":226,"column":3}},"96":{"start":{"line":219,"column":4},"end":{"line":219,"column":68}},"97":{"start":{"line":220,"column":4},"end":{"line":220,"column":64}},"98":{"start":{"line":221,"column":4},"end":{"line":221,"column":75}},"99":{"start":{"line":223,"column":4},"end":{"line":223,"column":69}},"100":{"start":{"line":224,"column":4},"end":{"line":224,"column":63}},"101":{"start":{"line":225,"column":4},"end":{"line":225,"column":58}},"102":{"start":{"line":229,"column":2},"end":{"line":234,"column":3}},"103":{"start":{"line":230,"column":4},"end":{"line":230,"column":80}},"104":{"start":{"line":231,"column":4},"end":{"line":231,"column":83}},"105":{"start":{"line":233,"column":4},"end":{"line":233,"column":82}},"106":{"start":{"line":236,"column":2},"end":{"line":241,"column":3}},"107":{"start":{"line":237,"column":4},"end":{"line":237,"column":81}},"108":{"start":{"line":238,"column":4},"end":{"line":238,"column":83}},"109":{"start":{"line":240,"column":4},"end":{"line":240,"column":82}},"110":{"start":{"line":243,"column":2},"end":{"line":248,"column":3}},"111":{"start":{"line":244,"column":4},"end":{"line":244,"column":81}},"112":{"start":{"line":245,"column":4},"end":{"line":245,"column":83}},"113":{"start":{"line":247,"column":4},"end":{"line":247,"column":82}},"114":{"start":{"line":252,"column":0},"end":{"line":632,"column":3}},"115":{"start":{"line":254,"column":20},"end":{"line":254,"column":56}},"116":{"start":{"line":255,"column":2},"end":{"line":326,"column":3}},"117":{"start":{"line":256,"column":4},"end":{"line":325,"column":7}},"118":{"start":{"line":257,"column":6},"end":{"line":257,"column":25}},"119":{"start":{"line":259,"column":6},"end":{"line":324,"column":7}},"120":{"start":{"line":261,"column":27},"end":{"line":261,"column":73}},"121":{"start":{"line":262,"column":27},"end":{"line":262,"column":73}},"122":{"start":{"line":263,"column":27},"end":{"line":263,"column":73}},"123":{"start":{"line":264,"column":23},"end":{"line":264,"column":27}},"124":{"start":{"line":265,"column":24},"end":{"line":265,"column":28}},"125":{"start":{"line":266,"column":24},"end":{"line":266,"column":28}},"126":{"start":{"line":268,"column":8},"end":{"line":270,"column":9}},"127":{"start":{"line":269,"column":10},"end":{"line":269,"column":56}},"128":{"start":{"line":271,"column":8},"end":{"line":273,"column":9}},"129":{"start":{"line":272,"column":10},"end":{"line":272,"column":57}},"130":{"start":{"line":274,"column":8},"end":{"line":276,"column":9}},"131":{"start":{"line":275,"column":10},"end":{"line":275,"column":57}},"132":{"start":{"line":279,"column":26},"end":{"line":296,"column":9}},"133":{"start":{"line":298,"column":8},"end":{"line":298,"column":40}},"134":{"start":{"line":300,"column":8},"end":{"line":304,"column":11}},"135":{"start":{"line":307,"column":8},"end":{"line":307,"column":25}},"136":{"start":{"line":308,"column":8},"end":{"line":308,"column":82}},"137":{"start":{"line":309,"column":8},"end":{"line":309,"column":82}},"138":{"start":{"line":310,"column":8},"end":{"line":310,"column":82}},"139":{"start":{"line":313,"column":8},"end":{"line":313,"column":29}},"140":{"start":{"line":314,"column":8},"end":{"line":314,"column":24}},"141":{"start":{"line":317,"column":8},"end":{"line":317,"column":54}},"142":{"start":{"line":319,"column":4},"end":{"line":323,"column":7}},"143":{"start":{"line":329,"column":24},"end":{"line":329,"column":64}},"144":{"start":{"line":330,"column":2},"end":{"line":399,"column":3}},"145":{"start":{"line":331,"column":4},"end":{"line":398,"column":7}},"146":{"start":{"line":332,"column":6},"end":{"line":332,"column":25}},"147":{"start":{"line":334,"column":22},"end":{"line":334,"column":51}},"148":{"start":{"line":335,"column":6},"end":{"line":338,"column":7}},"149":{"start":{"line":336,"column":8},"end":{"line":336,"column":42}},"150":{"start":{"line":337,"column":8},"end":{"line":337,"column":15}},"151":{"start":{"line":340,"column":6},"end":{"line":397,"column":7}},"152":{"start":{"line":342,"column":27},"end":{"line":342,"column":77}},"153":{"start":{"line":343,"column":27},"end":{"line":343,"column":77}},"154":{"start":{"line":344,"column":27},"end":{"line":344,"column":77}},"155":{"start":{"line":346,"column":23},"end":{"line":346,"column":27}},"156":{"start":{"line":347,"column":24},"end":{"line":347,"column":28}},"157":{"start":{"line":348,"column":24},"end":{"line":348,"column":28}},"158":{"start":{"line":350,"column":8},"end":{"line":352,"column":9}},"159":{"start":{"line":351,"column":10},"end":{"line":351,"column":56}},"160":{"start":{"line":353,"column":8},"end":{"line":355,"column":9}},"161":{"start":{"line":354,"column":10},"end":{"line":354,"column":57}},"162":{"start":{"line":356,"column":8},"end":{"line":358,"column":9}},"163":{"start":{"line":357,"column":10},"end":{"line":357,"column":57}},"164":{"start":{"line":361,"column":33},"end":{"line":372,"column":9}},"165":{"start":{"line":375,"column":8},"end":{"line":375,"column":59}},"166":{"start":{"line":375,"column":22},"end":{"line":375,"column":59}},"167":{"start":{"line":376,"column":8},"end":{"line":376,"column":62}},"168":{"start":{"line":376,"column":23},"end":{"line":376,"column":62}},"169":{"start":{"line":377,"column":8},"end":{"line":377,"column":62}},"170":{"start":{"line":377,"column":23},"end":{"line":377,"column":62}},"171":{"start":{"line":380,"column":8},"end":{"line":380,"column":53}},"172":{"start":{"line":382,"column":4},"end":{"line":386,"column":7}},"173":{"start":{"line":387,"column":8},"end":{"line":387,"column":23}},"174":{"start":{"line":388,"column":8},"end":{"line":388,"column":29}},"175":{"start":{"line":390,"column":8},"end":{"line":390,"column":54}},"176":{"start":{"line":392,"column":4},"end":{"line":396,"column":7}},"177":{"start":{"line":402,"column":28},"end":{"line":402,"column":72}},"178":{"start":{"line":403,"column":2},"end":{"line":405,"column":3}},"179":{"start":{"line":404,"column":4},"end":{"line":404,"column":63}},"180":{"start":{"line":408,"column":15},"end":{"line":408,"column":46}},"181":{"start":{"line":409,"column":2},"end":{"line":414,"column":3}},"182":{"start":{"line":410,"column":4},"end":{"line":413,"column":7}},"183":{"start":{"line":411,"column":6},"end":{"line":411,"column":25}},"184":{"start":{"line":412,"column":6},"end":{"line":412,"column":23}},"185":{"start":{"line":417,"column":25},"end":{"line":417,"column":67}},"186":{"start":{"line":418,"column":2},"end":{"line":420,"column":3}},"187":{"start":{"line":419,"column":4},"end":{"line":419,"column":62}},"188":{"start":{"line":423,"column":24},"end":{"line":423,"column":68}},"189":{"start":{"line":424,"column":2},"end":{"line":426,"column":3}},"190":{"start":{"line":425,"column":4},"end":{"line":425,"column":58}},"191":{"start":{"line":429,"column":31},"end":{"line":429,"column":78}},"192":{"start":{"line":430,"column":2},"end":{"line":436,"column":3}},"193":{"start":{"line":431,"column":4},"end":{"line":435,"column":7}},"194":{"start":{"line":432,"column":30},"end":{"line":432,"column":71}},"195":{"start":{"line":433,"column":6},"end":{"line":433,"column":47}},"196":{"start":{"line":434,"column":6},"end":{"line":434,"column":52}},"197":{"start":{"line":434,"column":25},"end":{"line":434,"column":52}},"198":{"start":{"line":438,"column":32},"end":{"line":438,"column":80}},"199":{"start":{"line":439,"column":2},"end":{"line":445,"column":3}},"200":{"start":{"line":440,"column":4},"end":{"line":444,"column":7}},"201":{"start":{"line":441,"column":31},"end":{"line":441,"column":73}},"202":{"start":{"line":442,"column":6},"end":{"line":442,"column":48}},"203":{"start":{"line":443,"column":6},"end":{"line":443,"column":53}},"204":{"start":{"line":443,"column":25},"end":{"line":443,"column":53}},"205":{"start":{"line":448,"column":25},"end":{"line":448,"column":67}},"206":{"start":{"line":449,"column":2},"end":{"line":453,"column":3}},"207":{"start":{"line":450,"column":4},"end":{"line":452,"column":7}},"208":{"start":{"line":451,"column":6},"end":{"line":451,"column":56}},"209":{"start":{"line":455,"column":25},"end":{"line":455,"column":67}},"210":{"start":{"line":456,"column":2},"end":{"line":460,"column":3}},"211":{"start":{"line":457,"column":4},"end":{"line":459,"column":7}},"212":{"start":{"line":458,"column":6},"end":{"line":458,"column":56}},"213":{"start":{"line":462,"column":25},"end":{"line":462,"column":67}},"214":{"start":{"line":463,"column":2},"end":{"line":467,"column":3}},"215":{"start":{"line":464,"column":4},"end":{"line":466,"column":7}},"216":{"start":{"line":465,"column":6},"end":{"line":465,"column":56}},"217":{"start":{"line":470,"column":25},"end":{"line":470,"column":66}},"218":{"start":{"line":471,"column":2},"end":{"line":474,"column":3}},"219":{"start":{"line":472,"column":4},"end":{"line":473,"column":59}},"220":{"start":{"line":473,"column":6},"end":{"line":473,"column":57}},"221":{"start":{"line":476,"column":25},"end":{"line":476,"column":66}},"222":{"start":{"line":477,"column":2},"end":{"line":480,"column":3}},"223":{"start":{"line":478,"column":4},"end":{"line":479,"column":59}},"224":{"start":{"line":479,"column":6},"end":{"line":479,"column":57}},"225":{"start":{"line":482,"column":25},"end":{"line":482,"column":66}},"226":{"start":{"line":483,"column":2},"end":{"line":486,"column":3}},"227":{"start":{"line":484,"column":4},"end":{"line":485,"column":59}},"228":{"start":{"line":485,"column":6},"end":{"line":485,"column":57}},"229":{"start":{"line":490,"column":4},"end":{"line":490,"column":10}},"230":{"start":{"line":491,"column":4},"end":{"line":491,"column":49}},"231":{"start":{"line":495,"column":22},"end":{"line":495,"column":60}},"232":{"start":{"line":496,"column":2},"end":{"line":536,"column":3}},"233":{"start":{"line":497,"column":4},"end":{"line":535,"column":7}},"234":{"start":{"line":498,"column":6},"end":{"line":498,"column":25}},"235":{"start":{"line":499,"column":6},"end":{"line":506,"column":7}},"236":{"start":{"line":500,"column":8},"end":{"line":504,"column":11}},"237":{"start":{"line":505,"column":8},"end":{"line":505,"column":15}},"238":{"start":{"line":507,"column":22},"end":{"line":507,"column":62}},"239":{"start":{"line":508,"column":20},"end":{"line":508,"column":58}},"240":{"start":{"line":509,"column":20},"end":{"line":509,"column":58}},"241":{"start":{"line":510,"column":22},"end":{"line":510,"column":62}},"242":{"start":{"line":511,"column":22},"end":{"line":511,"column":62}},"243":{"start":{"line":512,"column":6},"end":{"line":534,"column":7}},"244":{"start":{"line":513,"column":8},"end":{"line":519,"column":11}},"245":{"start":{"line":521,"column":4},"end":{"line":525,"column":7}},"246":{"start":{"line":526,"column":8},"end":{"line":526,"column":26}},"247":{"start":{"line":529,"column":4},"end":{"line":533,"column":7}},"248":{"start":{"line":538,"column":2},"end":{"line":538,"column":87}},"249":{"start":{"line":539,"column":2},"end":{"line":539,"column":90}},"250":{"start":{"line":542,"column":2},"end":{"line":546,"column":5}},"251":{"start":{"line":543,"column":28},"end":{"line":543,"column":65}},"252":{"start":{"line":544,"column":4},"end":{"line":544,"column":45}},"253":{"start":{"line":545,"column":4},"end":{"line":545,"column":50}},"254":{"start":{"line":545,"column":23},"end":{"line":545,"column":50}},"255":{"start":{"line":548,"column":2},"end":{"line":552,"column":5}},"256":{"start":{"line":549,"column":29},"end":{"line":549,"column":67}},"257":{"start":{"line":550,"column":4},"end":{"line":550,"column":46}},"258":{"start":{"line":551,"column":4},"end":{"line":551,"column":51}},"259":{"start":{"line":551,"column":23},"end":{"line":551,"column":51}},"260":{"start":{"line":555,"column":22},"end":{"line":555,"column":58}},"261":{"start":{"line":556,"column":22},"end":{"line":556,"column":58}},"262":{"start":{"line":557,"column":23},"end":{"line":557,"column":60}},"263":{"start":{"line":559,"column":4},"end":{"line":561,"column":7}},"264":{"start":{"line":560,"column":8},"end":{"line":560,"column":26}},"265":{"start":{"line":563,"column":4},"end":{"line":573,"column":7}},"266":{"start":{"line":564,"column":21},"end":{"line":564,"column":39}},"267":{"start":{"line":565,"column":8},"end":{"line":572,"column":9}},"268":{"start":{"line":566,"column":27},"end":{"line":566,"column":43}},"269":{"start":{"line":567,"column":12},"end":{"line":570,"column":14}},"270":{"start":{"line":568,"column":16},"end":{"line":568,"column":49}},"271":{"start":{"line":569,"column":16},"end":{"line":569,"column":51}},"272":{"start":{"line":571,"column":12},"end":{"line":571,"column":39}},"273":{"start":{"line":576,"column":0},"end":{"line":576,"column":74}},"274":{"start":{"line":577,"column":0},"end":{"line":577,"column":74}},"275":{"start":{"line":578,"column":0},"end":{"line":578,"column":74}},"276":{"start":{"line":581,"column":25},"end":{"line":581,"column":64}},"277":{"start":{"line":582,"column":2},"end":{"line":631,"column":3}},"278":{"start":{"line":583,"column":4},"end":{"line":630,"column":7}},"279":{"start":{"line":584,"column":6},"end":{"line":629,"column":7}},"280":{"start":{"line":585,"column":30},"end":{"line":585,"column":70}},"281":{"start":{"line":586,"column":8},"end":{"line":588,"column":9}},"282":{"start":{"line":587,"column":10},"end":{"line":587,"column":49}},"283":{"start":{"line":590,"column":24},"end":{"line":590,"column":53}},"284":{"start":{"line":591,"column":8},"end":{"line":593,"column":9}},"285":{"start":{"line":592,"column":10},"end":{"line":592,"column":53}},"286":{"start":{"line":595,"column":19},"end":{"line":603,"column":6}},"287":{"start":{"line":604,"column":26},"end":{"line":604,"column":110}},"288":{"start":{"line":606,"column":8},"end":{"line":620,"column":9}},"289":{"start":{"line":607,"column":26},"end":{"line":607,"column":52}},"290":{"start":{"line":608,"column":10},"end":{"line":619,"column":11}},"291":{"start":{"line":610,"column":8},"end":{"line":614,"column":11}},"292":{"start":{"line":615,"column":12},"end":{"line":615,"column":27}},"293":{"start":{"line":616,"column":12},"end":{"line":616,"column":39}},"294":{"start":{"line":618,"column":12},"end":{"line":618,"column":55}},"295":{"start":{"line":622,"column":8},"end":{"line":622,"column":54}},"296":{"start":{"line":624,"column":4},"end":{"line":628,"column":7}}},"fnMap":{"0":{"name":"(anonymous_0)","decl":{"start":{"line":17,"column":19},"end":{"line":17,"column":20}},"loc":{"start":{"line":17,"column":35},"end":{"line":36,"column":1}},"line":17},"1":{"name":"formatDate","decl":{"start":{"line":39,"column":9},"end":{"line":39,"column":19}},"loc":{"start":{"line":39,"column":32},"end":{"line":42,"column":1}},"line":39},"2":{"name":"formatCurrency","decl":{"start":{"line":45,"column":9},"end":{"line":45,"column":23}},"loc":{"start":{"line":45,"column":32},"end":{"line":51,"column":1}},"line":45},"3":{"name":"renderEventsFromDB","decl":{"start":{"line":54,"column":15},"end":{"line":54,"column":33}},"loc":{"start":{"line":54,"column":36},"end":{"line":126,"column":1}},"line":54},"4":{"name":"(anonymous_4)","decl":{"start":{"line":60,"column":19},"end":{"line":60,"column":20}},"loc":{"start":{"line":60,"column":30},"end":{"line":63,"column":5}},"line":60},"5":{"name":"(anonymous_5)","decl":{"start":{"line":70,"column":40},"end":{"line":70,"column":41}},"loc":{"start":{"line":70,"column":58},"end":{"line":108,"column":7}},"line":70},"6":{"name":"(anonymous_6)","decl":{"start":{"line":112,"column":25},"end":{"line":112,"column":26}},"loc":{"start":{"line":112,"column":33},"end":{"line":121,"column":7}},"line":112},"7":{"name":"(anonymous_7)","decl":{"start":{"line":113,"column":39},"end":{"line":113,"column":40}},"loc":{"start":{"line":113,"column":45},"end":{"line":120,"column":9}},"line":113},"8":{"name":"(anonymous_8)","decl":{"start":{"line":115,"column":36},"end":{"line":115,"column":37}},"loc":{"start":{"line":115,"column":41},"end":{"line":115,"column":57}},"line":115},"9":{"name":"showEventForm","decl":{"start":{"line":129,"column":9},"end":{"line":129,"column":22}},"loc":{"start":{"line":129,"column":25},"end":{"line":134,"column":1}},"line":129},"10":{"name":"hideEventForm","decl":{"start":{"line":136,"column":9},"end":{"line":136,"column":22}},"loc":{"start":{"line":136,"column":25},"end":{"line":141,"column":1}},"line":136},"11":{"name":"showProfileForm","decl":{"start":{"line":143,"column":9},"end":{"line":143,"column":24}},"loc":{"start":{"line":143,"column":27},"end":{"line":148,"column":1}},"line":143},"12":{"name":"hideProfileForm","decl":{"start":{"line":150,"column":9},"end":{"line":150,"column":24}},"loc":{"start":{"line":150,"column":27},"end":{"line":154,"column":1}},"line":150},"13":{"name":"resetDashboard","decl":{"start":{"line":156,"column":9},"end":{"line":156,"column":23}},"loc":{"start":{"line":156,"column":26},"end":{"line":160,"column":1}},"line":156},"14":{"name":"(anonymous_14)","decl":{"start":{"line":163,"column":22},"end":{"line":163,"column":23}},"loc":{"start":{"line":163,"column":44},"end":{"line":174,"column":1}},"line":163},"15":{"name":"showEditForm","decl":{"start":{"line":177,"column":9},"end":{"line":177,"column":21}},"loc":{"start":{"line":177,"column":24},"end":{"line":183,"column":1}},"line":177},"16":{"name":"hideEditForm","decl":{"start":{"line":186,"column":9},"end":{"line":186,"column":21}},"loc":{"start":{"line":186,"column":24},"end":{"line":190,"column":1}},"line":186},"17":{"name":"populateEditForm","decl":{"start":{"line":193,"column":9},"end":{"line":193,"column":25}},"loc":{"start":{"line":193,"column":33},"end":{"line":249,"column":1}},"line":193},"18":{"name":"(anonymous_18)","decl":{"start":{"line":252,"column":46},"end":{"line":252,"column":47}},"loc":{"start":{"line":252,"column":52},"end":{"line":632,"column":1}},"line":252},"19":{"name":"(anonymous_19)","decl":{"start":{"line":256,"column":41},"end":{"line":256,"column":42}},"loc":{"start":{"line":256,"column":54},"end":{"line":325,"column":5}},"line":256},"20":{"name":"(anonymous_20)","decl":{"start":{"line":331,"column":45},"end":{"line":331,"column":46}},"loc":{"start":{"line":331,"column":58},"end":{"line":398,"column":5}},"line":331},"21":{"name":"(anonymous_21)","decl":{"start":{"line":410,"column":35},"end":{"line":410,"column":36}},"loc":{"start":{"line":410,"column":42},"end":{"line":413,"column":5}},"line":410},"22":{"name":"(anonymous_22)","decl":{"start":{"line":431,"column":52},"end":{"line":431,"column":53}},"loc":{"start":{"line":431,"column":63},"end":{"line":435,"column":5}},"line":431},"23":{"name":"(anonymous_23)","decl":{"start":{"line":440,"column":53},"end":{"line":440,"column":54}},"loc":{"start":{"line":440,"column":64},"end":{"line":444,"column":5}},"line":440},"24":{"name":"(anonymous_24)","decl":{"start":{"line":450,"column":45},"end":{"line":450,"column":46}},"loc":{"start":{"line":450,"column":51},"end":{"line":452,"column":5}},"line":450},"25":{"name":"(anonymous_25)","decl":{"start":{"line":457,"column":45},"end":{"line":457,"column":46}},"loc":{"start":{"line":457,"column":51},"end":{"line":459,"column":5}},"line":457},"26":{"name":"(anonymous_26)","decl":{"start":{"line":464,"column":45},"end":{"line":464,"column":46}},"loc":{"start":{"line":464,"column":51},"end":{"line":466,"column":5}},"line":464},"27":{"name":"(anonymous_27)","decl":{"start":{"line":472,"column":46},"end":{"line":472,"column":47}},"loc":{"start":{"line":473,"column":6},"end":{"line":473,"column":57}},"line":473},"28":{"name":"(anonymous_28)","decl":{"start":{"line":478,"column":46},"end":{"line":478,"column":47}},"loc":{"start":{"line":479,"column":6},"end":{"line":479,"column":57}},"line":479},"29":{"name":"(anonymous_29)","decl":{"start":{"line":484,"column":46},"end":{"line":484,"column":47}},"loc":{"start":{"line":485,"column":6},"end":{"line":485,"column":57}},"line":485},"30":{"name":"triggerFileInput","decl":{"start":{"line":489,"column":11},"end":{"line":489,"column":27}},"loc":{"start":{"line":489,"column":30},"end":{"line":492,"column":3}},"line":489},"31":{"name":"(anonymous_31)","decl":{"start":{"line":497,"column":43},"end":{"line":497,"column":44}},"loc":{"start":{"line":497,"column":56},"end":{"line":535,"column":5}},"line":497},"32":{"name":"(anonymous_32)","decl":{"start":{"line":542,"column":73},"end":{"line":542,"column":74}},"loc":{"start":{"line":542,"column":84},"end":{"line":546,"column":3}},"line":542},"33":{"name":"(anonymous_33)","decl":{"start":{"line":548,"column":74},"end":{"line":548,"column":75}},"loc":{"start":{"line":548,"column":85},"end":{"line":552,"column":3}},"line":548},"34":{"name":"setupImagePreview","decl":{"start":{"line":554,"column":11},"end":{"line":554,"column":28}},"loc":{"start":{"line":554,"column":69},"end":{"line":574,"column":1}},"line":554},"35":{"name":"(anonymous_35)","decl":{"start":{"line":559,"column":40},"end":{"line":559,"column":41}},"loc":{"start":{"line":559,"column":52},"end":{"line":561,"column":5}},"line":559},"36":{"name":"(anonymous_36)","decl":{"start":{"line":563,"column":41},"end":{"line":563,"column":42}},"loc":{"start":{"line":563,"column":53},"end":{"line":573,"column":5}},"line":563},"37":{"name":"(anonymous_37)","decl":{"start":{"line":567,"column":28},"end":{"line":567,"column":29}},"loc":{"start":{"line":567,"column":41},"end":{"line":570,"column":13}},"line":567},"38":{"name":"(anonymous_38)","decl":{"start":{"line":583,"column":45},"end":{"line":583,"column":46}},"loc":{"start":{"line":583,"column":57},"end":{"line":630,"column":5}},"line":583}},"branchMap":{"0":{"loc":{"start":{"line":18,"column":2},"end":{"line":35,"column":3}},"type":"if","locations":[{"start":{"line":18,"column":2},"end":{"line":35,"column":3}},{"start":{"line":31,"column":9},"end":{"line":35,"column":3}}],"line":18},"1":{"loc":{"start":{"line":22,"column":4},"end":{"line":28,"column":5}},"type":"if","locations":[{"start":{"line":22,"column":4},"end":{"line":28,"column":5}},{"start":{},"end":{}}],"line":22},"2":{"loc":{"start":{"line":23,"column":49},"end":{"line":23,"column":74}},"type":"binary-expr","locations":[{"start":{"line":23,"column":49},"end":{"line":23,"column":68}},{"start":{"line":23,"column":72},"end":{"line":23,"column":74}}],"line":23},"3":{"loc":{"start":{"line":24,"column":47},"end":{"line":24,"column":70}},"type":"binary-expr","locations":[{"start":{"line":24,"column":47},"end":{"line":24,"column":64}},{"start":{"line":24,"column":68},"end":{"line":24,"column":70}}],"line":24},"4":{"loc":{"start":{"line":25,"column":47},"end":{"line":25,"column":70}},"type":"binary-expr","locations":[{"start":{"line":25,"column":47},"end":{"line":25,"column":64}},{"start":{"line":25,"column":68},"end":{"line":25,"column":70}}],"line":25},"5":{"loc":{"start":{"line":26,"column":49},"end":{"line":26,"column":74}},"type":"binary-expr","locations":[{"start":{"line":26,"column":49},"end":{"line":26,"column":68}},{"start":{"line":26,"column":72},"end":{"line":26,"column":74}}],"line":26},"6":{"loc":{"start":{"line":27,"column":49},"end":{"line":27,"column":74}},"type":"binary-expr","locations":[{"start":{"line":27,"column":49},"end":{"line":27,"column":68}},{"start":{"line":27,"column":72},"end":{"line":27,"column":74}}],"line":27},"7":{"loc":{"start":{"line":55,"column":2},"end":{"line":55,"column":27}},"type":"if","locations":[{"start":{"line":55,"column":2},"end":{"line":55,"column":27}},{"start":{},"end":{}}],"line":55},"8":{"loc":{"start":{"line":67,"column":4},"end":{"line":122,"column":5}},"type":"if","locations":[{"start":{"line":67,"column":4},"end":{"line":122,"column":5}},{"start":{},"end":{}}],"line":67},"9":{"loc":{"start":{"line":78,"column":20},"end":{"line":78,"column":60}},"type":"cond-expr","locations":[{"start":{"line":78,"column":33},"end":{"line":78,"column":55}},{"start":{"line":78,"column":58},"end":{"line":78,"column":60}}],"line":78},"10":{"loc":{"start":{"line":81,"column":42},"end":{"line":81,"column":105}},"type":"cond-expr","locations":[{"start":{"line":81,"column":72},"end":{"line":81,"column":89}},{"start":{"line":81,"column":92},"end":{"line":81,"column":105}}],"line":81},"11":{"loc":{"start":{"line":82,"column":18},"end":{"line":82,"column":36}},"type":"binary-expr","locations":[{"start":{"line":82,"column":18},"end":{"line":82,"column":30}},{"start":{"line":82,"column":34},"end":{"line":82,"column":36}}],"line":82},"12":{"loc":{"start":{"line":85,"column":14},"end":{"line":85,"column":110}},"type":"cond-expr","locations":[{"start":{"line":85,"column":31},"end":{"line":85,"column":105}},{"start":{"line":85,"column":108},"end":{"line":85,"column":110}}],"line":85},"13":{"loc":{"start":{"line":92,"column":40},"end":{"line":92,"column":77}},"type":"binary-expr","locations":[{"start":{"line":92,"column":40},"end":{"line":92,"column":72}},{"start":{"line":92,"column":76},"end":{"line":92,"column":77}}],"line":92},"14":{"loc":{"start":{"line":116,"column":10},"end":{"line":119,"column":11}},"type":"if","locations":[{"start":{"line":116,"column":10},"end":{"line":119,"column":11}},{"start":{},"end":{}}],"line":116},"15":{"loc":{"start":{"line":167,"column":2},"end":{"line":173,"column":3}},"type":"if","locations":[{"start":{"line":167,"column":2},"end":{"line":173,"column":3}},{"start":{},"end":{}}],"line":167},"16":{"loc":{"start":{"line":197,"column":47},"end":{"line":197,"column":64}},"type":"binary-expr","locations":[{"start":{"line":197,"column":47},"end":{"line":197,"column":58}},{"start":{"line":197,"column":62},"end":{"line":197,"column":64}}],"line":197},"17":{"loc":{"start":{"line":198,"column":53},"end":{"line":198,"column":76}},"type":"binary-expr","locations":[{"start":{"line":198,"column":53},"end":{"line":198,"column":70}},{"start":{"line":198,"column":74},"end":{"line":198,"column":76}}],"line":198},"18":{"loc":{"start":{"line":199,"column":46},"end":{"line":199,"column":62}},"type":"binary-expr","locations":[{"start":{"line":199,"column":46},"end":{"line":199,"column":56}},{"start":{"line":199,"column":60},"end":{"line":199,"column":62}}],"line":199},"19":{"loc":{"start":{"line":200,"column":51},"end":{"line":200,"column":72}},"type":"binary-expr","locations":[{"start":{"line":200,"column":51},"end":{"line":200,"column":66}},{"start":{"line":200,"column":70},"end":{"line":200,"column":72}}],"line":200},"20":{"loc":{"start":{"line":201,"column":49},"end":{"line":201,"column":68}},"type":"binary-expr","locations":[{"start":{"line":201,"column":49},"end":{"line":201,"column":62}},{"start":{"line":201,"column":66},"end":{"line":201,"column":68}}],"line":201},"21":{"loc":{"start":{"line":202,"column":50},"end":{"line":202,"column":70}},"type":"binary-expr","locations":[{"start":{"line":202,"column":50},"end":{"line":202,"column":64}},{"start":{"line":202,"column":68},"end":{"line":202,"column":70}}],"line":202},"22":{"loc":{"start":{"line":203,"column":53},"end":{"line":203,"column":71}},"type":"binary-expr","locations":[{"start":{"line":203,"column":53},"end":{"line":203,"column":66}},{"start":{"line":203,"column":70},"end":{"line":203,"column":71}}],"line":203},"23":{"loc":{"start":{"line":207,"column":2},"end":{"line":215,"column":3}},"type":"if","locations":[{"start":{"line":207,"column":2},"end":{"line":215,"column":3}},{"start":{"line":211,"column":9},"end":{"line":215,"column":3}}],"line":207},"24":{"loc":{"start":{"line":218,"column":2},"end":{"line":226,"column":3}},"type":"if","locations":[{"start":{"line":218,"column":2},"end":{"line":226,"column":3}},{"start":{"line":222,"column":9},"end":{"line":226,"column":3}}],"line":218},"25":{"loc":{"start":{"line":229,"column":2},"end":{"line":234,"column":3}},"type":"if","locations":[{"start":{"line":229,"column":2},"end":{"line":234,"column":3}},{"start":{"line":232,"column":9},"end":{"line":234,"column":3}}],"line":229},"26":{"loc":{"start":{"line":236,"column":2},"end":{"line":241,"column":3}},"type":"if","locations":[{"start":{"line":236,"column":2},"end":{"line":241,"column":3}},{"start":{"line":239,"column":9},"end":{"line":241,"column":3}}],"line":236},"27":{"loc":{"start":{"line":243,"column":2},"end":{"line":248,"column":3}},"type":"if","locations":[{"start":{"line":243,"column":2},"end":{"line":248,"column":3}},{"start":{"line":246,"column":9},"end":{"line":248,"column":3}}],"line":243},"28":{"loc":{"start":{"line":255,"column":2},"end":{"line":326,"column":3}},"type":"if","locations":[{"start":{"line":255,"column":2},"end":{"line":326,"column":3}},{"start":{},"end":{}}],"line":255},"29":{"loc":{"start":{"line":268,"column":8},"end":{"line":270,"column":9}},"type":"if","locations":[{"start":{"line":268,"column":8},"end":{"line":270,"column":9}},{"start":{},"end":{}}],"line":268},"30":{"loc":{"start":{"line":271,"column":8},"end":{"line":273,"column":9}},"type":"if","locations":[{"start":{"line":271,"column":8},"end":{"line":273,"column":9}},{"start":{},"end":{}}],"line":271},"31":{"loc":{"start":{"line":274,"column":8},"end":{"line":276,"column":9}},"type":"if","locations":[{"start":{"line":274,"column":8},"end":{"line":276,"column":9}},{"start":{},"end":{}}],"line":274},"32":{"loc":{"start":{"line":290,"column":22},"end":{"line":290,"column":138}},"type":"cond-expr","locations":[{"start":{"line":290,"column":76},"end":{"line":290,"column":131}},{"start":{"line":290,"column":134},"end":{"line":290,"column":138}}],"line":290},"33":{"loc":{"start":{"line":291,"column":23},"end":{"line":291,"column":141}},"type":"cond-expr","locations":[{"start":{"line":291,"column":78},"end":{"line":291,"column":134}},{"start":{"line":291,"column":137},"end":{"line":291,"column":141}}],"line":291},"34":{"loc":{"start":{"line":295,"column":23},"end":{"line":295,"column":59}},"type":"cond-expr","locations":[{"start":{"line":295,"column":37},"end":{"line":295,"column":52}},{"start":{"line":295,"column":55},"end":{"line":295,"column":59}}],"line":295},"35":{"loc":{"start":{"line":330,"column":2},"end":{"line":399,"column":3}},"type":"if","locations":[{"start":{"line":330,"column":2},"end":{"line":399,"column":3}},{"start":{},"end":{}}],"line":330},"36":{"loc":{"start":{"line":335,"column":6},"end":{"line":338,"column":7}},"type":"if","locations":[{"start":{"line":335,"column":6},"end":{"line":338,"column":7}},{"start":{},"end":{}}],"line":335},"37":{"loc":{"start":{"line":350,"column":8},"end":{"line":352,"column":9}},"type":"if","locations":[{"start":{"line":350,"column":8},"end":{"line":352,"column":9}},{"start":{},"end":{}}],"line":350},"38":{"loc":{"start":{"line":353,"column":8},"end":{"line":355,"column":9}},"type":"if","locations":[{"start":{"line":353,"column":8},"end":{"line":355,"column":9}},{"start":{},"end":{}}],"line":353},"39":{"loc":{"start":{"line":356,"column":8},"end":{"line":358,"column":9}},"type":"if","locations":[{"start":{"line":356,"column":8},"end":{"line":358,"column":9}},{"start":{},"end":{}}],"line":356},"40":{"loc":{"start":{"line":370,"column":22},"end":{"line":370,"column":146}},"type":"cond-expr","locations":[{"start":{"line":370,"column":80},"end":{"line":370,"column":139}},{"start":{"line":370,"column":142},"end":{"line":370,"column":146}}],"line":370},"41":{"loc":{"start":{"line":371,"column":23},"end":{"line":371,"column":149}},"type":"cond-expr","locations":[{"start":{"line":371,"column":82},"end":{"line":371,"column":142}},{"start":{"line":371,"column":145},"end":{"line":371,"column":149}}],"line":371},"42":{"loc":{"start":{"line":375,"column":8},"end":{"line":375,"column":59}},"type":"if","locations":[{"start":{"line":375,"column":8},"end":{"line":375,"column":59}},{"start":{},"end":{}}],"line":375},"43":{"loc":{"start":{"line":376,"column":8},"end":{"line":376,"column":62}},"type":"if","locations":[{"start":{"line":376,"column":8},"end":{"line":376,"column":62}},{"start":{},"end":{}}],"line":376},"44":{"loc":{"start":{"line":377,"column":8},"end":{"line":377,"column":62}},"type":"if","locations":[{"start":{"line":377,"column":8},"end":{"line":377,"column":62}},{"start":{},"end":{}}],"line":377},"45":{"loc":{"start":{"line":403,"column":2},"end":{"line":405,"column":3}},"type":"if","locations":[{"start":{"line":403,"column":2},"end":{"line":405,"column":3}},{"start":{},"end":{}}],"line":403},"46":{"loc":{"start":{"line":409,"column":2},"end":{"line":414,"column":3}},"type":"if","locations":[{"start":{"line":409,"column":2},"end":{"line":414,"column":3}},{"start":{},"end":{}}],"line":409},"47":{"loc":{"start":{"line":418,"column":2},"end":{"line":420,"column":3}},"type":"if","locations":[{"start":{"line":418,"column":2},"end":{"line":420,"column":3}},{"start":{},"end":{}}],"line":418},"48":{"loc":{"start":{"line":424,"column":2},"end":{"line":426,"column":3}},"type":"if","locations":[{"start":{"line":424,"column":2},"end":{"line":426,"column":3}},{"start":{},"end":{}}],"line":424},"49":{"loc":{"start":{"line":430,"column":2},"end":{"line":436,"column":3}},"type":"if","locations":[{"start":{"line":430,"column":2},"end":{"line":436,"column":3}},{"start":{},"end":{}}],"line":430},"50":{"loc":{"start":{"line":434,"column":6},"end":{"line":434,"column":52}},"type":"if","locations":[{"start":{"line":434,"column":6},"end":{"line":434,"column":52}},{"start":{},"end":{}}],"line":434},"51":{"loc":{"start":{"line":439,"column":2},"end":{"line":445,"column":3}},"type":"if","locations":[{"start":{"line":439,"column":2},"end":{"line":445,"column":3}},{"start":{},"end":{}}],"line":439},"52":{"loc":{"start":{"line":443,"column":6},"end":{"line":443,"column":53}},"type":"if","locations":[{"start":{"line":443,"column":6},"end":{"line":443,"column":53}},{"start":{},"end":{}}],"line":443},"53":{"loc":{"start":{"line":449,"column":2},"end":{"line":453,"column":3}},"type":"if","locations":[{"start":{"line":449,"column":2},"end":{"line":453,"column":3}},{"start":{},"end":{}}],"line":449},"54":{"loc":{"start":{"line":456,"column":2},"end":{"line":460,"column":3}},"type":"if","locations":[{"start":{"line":456,"column":2},"end":{"line":460,"column":3}},{"start":{},"end":{}}],"line":456},"55":{"loc":{"start":{"line":463,"column":2},"end":{"line":467,"column":3}},"type":"if","locations":[{"start":{"line":463,"column":2},"end":{"line":467,"column":3}},{"start":{},"end":{}}],"line":463},"56":{"loc":{"start":{"line":471,"column":2},"end":{"line":474,"column":3}},"type":"if","locations":[{"start":{"line":471,"column":2},"end":{"line":474,"column":3}},{"start":{},"end":{}}],"line":471},"57":{"loc":{"start":{"line":477,"column":2},"end":{"line":480,"column":3}},"type":"if","locations":[{"start":{"line":477,"column":2},"end":{"line":480,"column":3}},{"start":{},"end":{}}],"line":477},"58":{"loc":{"start":{"line":483,"column":2},"end":{"line":486,"column":3}},"type":"if","locations":[{"start":{"line":483,"column":2},"end":{"line":486,"column":3}},{"start":{},"end":{}}],"line":483},"59":{"loc":{"start":{"line":496,"column":2},"end":{"line":536,"column":3}},"type":"if","locations":[{"start":{"line":496,"column":2},"end":{"line":536,"column":3}},{"start":{},"end":{}}],"line":496},"60":{"loc":{"start":{"line":499,"column":6},"end":{"line":506,"column":7}},"type":"if","locations":[{"start":{"line":499,"column":6},"end":{"line":506,"column":7}},{"start":{},"end":{}}],"line":499},"61":{"loc":{"start":{"line":545,"column":4},"end":{"line":545,"column":50}},"type":"if","locations":[{"start":{"line":545,"column":4},"end":{"line":545,"column":50}},{"start":{},"end":{}}],"line":545},"62":{"loc":{"start":{"line":551,"column":4},"end":{"line":551,"column":51}},"type":"if","locations":[{"start":{"line":551,"column":4},"end":{"line":551,"column":51}},{"start":{},"end":{}}],"line":551},"63":{"loc":{"start":{"line":565,"column":8},"end":{"line":572,"column":9}},"type":"if","locations":[{"start":{"line":565,"column":8},"end":{"line":572,"column":9}},{"start":{},"end":{}}],"line":565},"64":{"loc":{"start":{"line":565,"column":12},"end":{"line":565,"column":50}},"type":"binary-expr","locations":[{"start":{"line":565,"column":12},"end":{"line":565,"column":16}},{"start":{"line":565,"column":20},"end":{"line":565,"column":50}}],"line":565},"65":{"loc":{"start":{"line":582,"column":2},"end":{"line":631,"column":3}},"type":"if","locations":[{"start":{"line":582,"column":2},"end":{"line":631,"column":3}},{"start":{},"end":{}}],"line":582},"66":{"loc":{"start":{"line":586,"column":8},"end":{"line":588,"column":9}},"type":"if","locations":[{"start":{"line":586,"column":8},"end":{"line":588,"column":9}},{"start":{},"end":{}}],"line":586},"67":{"loc":{"start":{"line":591,"column":8},"end":{"line":593,"column":9}},"type":"if","locations":[{"start":{"line":591,"column":8},"end":{"line":593,"column":9}},{"start":{},"end":{}}],"line":591},"68":{"loc":{"start":{"line":606,"column":8},"end":{"line":620,"column":9}},"type":"if","locations":[{"start":{"line":606,"column":8},"end":{"line":620,"column":9}},{"start":{},"end":{}}],"line":606},"69":{"loc":{"start":{"line":608,"column":10},"end":{"line":619,"column":11}},"type":"if","locations":[{"start":{"line":608,"column":10},"end":{"line":619,"column":11}},{"start":{"line":617,"column":17},"end":{"line":619,"column":11}}],"line":608}},"s":{"0":0,"1":0,"2":0,"3":0,"4":0,"5":0,"6":0,"7":0,"8":0,"9":0,"10":0,"11":0,"12":0,"13":0,"14":0,"15":0,"16":0,"17":0,"18":0,"19":0,"20":0,"21":0,"22":0,"23":0,"24":0,"25":0,"26":0,"27":0,"28":0,"29":0,"30":0,"31":0,"32":0,"33":0,"34":0,"35":0,"36":0,"37":0,"38":0,"39":0,"40":0,"41":0,"42":0,"43":0,"44":0,"45":0,"46":0,"47":0,"48":0,"49":0,"50":0,"51":0,"52":0,"53":0,"54":0,"55":0,"56":0,"57":0,"58":0,"59":0,"60":0,"61":0,"62":0,"63":0,"64":0,"65":0,"66":0,"67":0,"68":0,"69":0,"70":0,"71":0,"72":0,"73":0,"74":0,"75":0,"76":0,"77":0,"78":0,"79":0,"80":0,"81":0,"82":0,"83":0,"84":0,"85":0,"86":0,"87":0,"88":0,"89":0,"90":0,"91":0,"92":0,"93":0,"94":0,"95":0,"96":0,"97":0,"98":0,"99":0,"100":0,"101":0,"102":0,"103":0,"104":0,"105":0,"106":0,"107":0,"108":0,"109":0,"110":0,"111":0,"112":0,"113":0,"114":0,"115":0,"116":0,"117":0,"118":0,"119":0,"120":0,"121":0,"122":0,"123":0,"124":0,"125":0,"126":0,"127":0,"128":0,"129":0,"130":0,"131":0,"132":0,"133":0,"134":0,"135":0,"136":0,"137":0,"138":0,"139":0,"140":0,"141":0,"142":0,"143":0,"144":0,"145":0,"146":0,"147":0,"148":0,"149":0,"150":0,"151":0,"152":0,"153":0,"154":0,"155":0,"156":0,"157":0,"158":0,"159":0,"160":0,"161":0,"162":0,"163":0,"164":0,"165":0,"166":0,"167":0,"168":0,"169":0,"170":0,"171":0,"172":0,"173":0,"174":0,"175":0,"176":0,"177":0,"178":0,"179":0,"180":0,"181":0,"182":0,"183":0,"184":0,"185":0,"186":0,"187":0,"188":0,"189":0,"190":0,"191":0,"192":0,"193":0,"194":0,"195":0,"196":0,"197":0,"198":0,"199":0,"200":0,"201":0,"202":0,"203":0,"204":0,"205":0,"206":0,"207":0,"208":0,"209":0,"210":0,"211":0,"212":0,"213":0,"214":0,"215":0,"216":0,"217":0,"218":0,"219":0,"220":0,"221":0,"222":0,"223":0,"224":0,"225":0,"226":0,"227":0,"228":0,"229":0,"230":0,"231":0,"232":0,"233":0,"234":0,"235":0,"236":0,"237":0,"238":0,"239":0,"240":0,"241":0,"242":0,"243":0,"244":0,"245":0,"246":0,"247":0,"248":0,"249":0,"250":0,"251":0,"252":0,"253":0,"254":0,"255":0,"256":0,"257":0,"258":0,"259":0,"260":0,"261":0,"262":0,"263":0,"264":0,"265":0,"266":0,"267":0,"268":0,"269":0,"270":0,"271":0,"272":0,"273":0,"274":0,"275":0,"276":0,"277":0,"278":0,"279":0,"280":0,"281":0,"282":0,"283":0,"284":0,"285":0,"286":0,"287":0,"288":0,"289":0,"290":0,"291":0,"292":0,"293":0,"294":0,"295":0,"296":0},"f":{"0":0,"1":0,"2":0,"3":0,"4":0,"5":0,"6":0,"7":0,"8":0,"9":0,"10":0,"11":0,"12":0,"13":0,"14":0,"15":0,"16":0,"17":0,"18":0,"19":0,"20":0,"21":0,"22":0,"23":0,"24":0,"25":0,"26":0,"27":0,"28":0,"29":0,"30":0,"31":0,"32":0,"33":0,"34":0,"35":0,"36":0,"37":0,"38":0},"b":{"0":[0,0],"1":[0,0],"2":[0,0],"3":[0,0],"4":[0,0],"5":[0,0],"6":[0,0],"7":[0,0],"8":[0,0],"9":[0,0],"10":[0,0],"11":[0,0],"12":[0,0],"13":[0,0],"14":[0,0],"15":[0,0],"16":[0,0],"17":[0,0],"18":[0,0],"19":[0,0],"20":[0,0],"21":[0,0],"22":[0,0],"23":[0,0],"24":[0,0],"25":[0,0],"26":[0,0],"27":[0,0],"28":[0,0],"29":[0,0],"30":[0,0],"31":[0,0],"32":[0,0],"33":[0,0],"34":[0,0],"35":[0,0],"36":[0,0],"37":[0,0],"38":[0,0],"39":[0,0],"40":[0,0],"41":[0,0],"42":[0,0],"43":[0,0],"44":[0,0],"45":[0,0],"46":[0,0],"47":[0,0],"48":[0,0],"49":[0,0],"50":[0,0],"51":[0,0],"52":[0,0],"53":[0,0],"54":[0,0],"55":[0,0],"56":[0,0],"57":[0,0],"58":[0,0],"59":[0,0],"60":[0,0],"61":[0,0],"62":[0,0],"63":[0,0],"64":[0,0],"65":[0,0],"66":[0,0],"67":[0,0],"68":[0,0],"69":[0,0]}}
}
