{"total": {"lines":{"total":4066,"covered":329,"skipped":0,"pct":8.09},"statements":{"total":4066,"covered":329,"skipped":0,"pct":8.09},"functions":{"total":67,"covered":6,"skipped":0,"pct":8.95},"branches":{"total":7,"covered":6,"skipped":0,"pct":85.71},"branchesTrue":{"total":0,"covered":0,"skipped":0,"pct":"Unknown"}}
,"/home/user/COSC4P02_Festify/app.js": {"lines":{"total":660,"covered":44,"skipped":0,"pct":6.66},"functions":{"total":14,"covered":0,"skipped":0,"pct":0},"statements":{"total":660,"covered":44,"skipped":0,"pct":6.66},"branches":{"total":0,"covered":0,"skipped":0,"pct":100}}
,"/home/user/COSC4P02_Festify/basic-script.js": {"lines":{"total":1280,"covered":0,"skipped":0,"pct":0},"functions":{"total":1,"covered":0,"skipped":0,"pct":0},"statements":{"total":1280,"covered":0,"skipped":0,"pct":0},"branches":{"total":1,"covered":0,"skipped":0,"pct":0}}
,"/home/user/COSC4P02_Festify/config.js": {"lines":{"total":16,"covered":16,"skipped":0,"pct":100},"functions":{"total":0,"covered":0,"skipped":0,"pct":100},"statements":{"total":16,"covered":16,"skipped":0,"pct":100},"branches":{"total":0,"covered":0,"skipped":0,"pct":100}}
,"/home/user/COSC4P02_Festify/dalle-api.js": {"lines":{"total":48,"covered":7,"skipped":0,"pct":14.58},"functions":{"total":1,"covered":0,"skipped":0,"pct":0},"statements":{"total":48,"covered":7,"skipped":0,"pct":14.58},"branches":{"total":0,"covered":0,"skipped":0,"pct":100}}
,"/home/user/COSC4P02_Festify/email.js": {"lines":{"total":172,"covered":33,"skipped":0,"pct":19.18},"functions":{"total":4,"covered":0,"skipped":0,"pct":0},"statements":{"total":172,"covered":33,"skipped":0,"pct":19.18},"branches":{"total":0,"covered":0,"skipped":0,"pct":100}}
,"/home/user/COSC4P02_Festify/firebase.js": {"lines":{"total":636,"covered":129,"skipped":0,"pct":20.28},"functions":{"total":28,"covered":0,"skipped":0,"pct":0},"statements":{"total":636,"covered":129,"skipped":0,"pct":20.28},"branches":{"total":0,"covered":0,"skipped":0,"pct":100}}
,"/home/user/COSC4P02_Festify/inline.js": {"lines":{"total":31,"covered":31,"skipped":0,"pct":100},"functions":{"total":4,"covered":4,"skipped":0,"pct":100},"statements":{"total":31,"covered":31,"skipped":0,"pct":100},"branches":{"total":4,"covered":4,"skipped":0,"pct":100}}
,"/home/user/COSC4P02_Festify/organizer.js": {"lines":{"total":9,"covered":6,"skipped":0,"pct":66.66},"functions":{"total":0,"covered":0,"skipped":0,"pct":100},"statements":{"total":9,"covered":6,"skipped":0,"pct":66.66},"branches":{"total":0,"covered":0,"skipped":0,"pct":100}}
,"/home/user/COSC4P02_Festify/script.js": {"lines":{"total":1214,"covered":63,"skipped":0,"pct":5.18},"functions":{"total":15,"covered":2,"skipped":0,"pct":13.33},"statements":{"total":1214,"covered":63,"skipped":0,"pct":5.18},"branches":{"total":2,"covered":2,"skipped":0,"pct":100}}
}
